This file contains any messages produced by compilers while
running configure, to aid debugging if configure makes a mistake.

It was created by oaccoin Core configure 0.10.4, which was
generated by GNU Autoconf 2.69.  Invocation command line was

  $ ./configure --with-incompatible-bdb --with-gui=qt4

## --------- ##
## Platform. ##
## --------- ##

hostname = tsinghuayincheng-virtual-machine
uname -m = x86_64
uname -r = 4.4.0-121-generic
uname -s = Linux
uname -v = #145-Ubuntu SMP Fri Apr 13 13:47:23 UTC 2018

/usr/bin/uname -p = unknown
/bin/uname -X     = unknown

/bin/arch              = unknown
/usr/bin/arch -k       = unknown
/usr/convex/getsysinfo = unknown
/usr/bin/hostinfo      = unknown
/bin/machine           = unknown
/usr/bin/oslevel       = unknown
/bin/universe          = unknown

PATH: /home/tsinghua-yincheng/.local/share/umake/bin
PATH: /home/tsinghua-yincheng/bin
PATH: /home/tsinghua-yincheng/.local/bin
PATH: /usr/local/sbin
PATH: /usr/local/bin
PATH: /usr/sbin
PATH: /usr/bin
PATH: /sbin
PATH: /bin
PATH: /usr/games
PATH: /usr/local/games
PATH: /snap/bin


## ----------- ##
## Core tests. ##
## ----------- ##

configure:2910: checking build system type
configure:2924: result: x86_64-pc-linux-gnu
configure:2944: checking host system type
configure:2957: result: x86_64-pc-linux-gnu
configure:3000: checking for a BSD-compatible install
configure:3068: result: /usr/bin/install -c
configure:3079: checking whether build environment is sane
configure:3134: result: yes
configure:3285: checking for a thread-safe mkdir -p
configure:3324: result: /bin/mkdir -p
configure:3331: checking for gawk
configure:3361: result: no
configure:3331: checking for mawk
configure:3347: found /usr/bin/mawk
configure:3358: result: mawk
configure:3369: checking whether make sets $(MAKE)
configure:3391: result: yes
configure:3420: checking whether make supports nested variables
configure:3437: result: yes
configure:3556: checking whether to enable maintainer-specific portions of Makefiles
configure:3565: result: yes
configure:3590: checking whether make supports nested variables
configure:3607: result: yes
configure:3682: checking for g++
configure:3698: found /usr/bin/g++
configure:3709: result: g++
configure:3736: checking for C++ compiler version
configure:3745: g++ --version >&5
g++ (Ubuntu 5.4.0-6ubuntu1~16.04.9) 5.4.0 20160609
Copyright (C) 2015 Free Software Foundation, Inc.
This is free software; see the source for copying conditions.  There is NO
warranty; not even for MERCHANTABILITY or FITNESS FOR A PARTICULAR PURPOSE.

configure:3756: $? = 0
configure:3745: g++ -v >&5
Using built-in specs.
COLLECT_GCC=g++
COLLECT_LTO_WRAPPER=/usr/lib/gcc/x86_64-linux-gnu/5/lto-wrapper
Target: x86_64-linux-gnu
Configured with: ../src/configure -v --with-pkgversion='Ubuntu 5.4.0-6ubuntu1~16.04.9' --with-bugurl=file:///usr/share/doc/gcc-5/README.Bugs --enable-languages=c,ada,c++,java,go,d,fortran,objc,obj-c++ --prefix=/usr --program-suffix=-5 --enable-shared --enable-linker-build-id --libexecdir=/usr/lib --without-included-gettext --enable-threads=posix --libdir=/usr/lib --enable-nls --with-sysroot=/ --enable-clocale=gnu --enable-libstdcxx-debug --enable-libstdcxx-time=yes --with-default-libstdcxx-abi=new --enable-gnu-unique-object --disable-vtable-verify --enable-libmpx --enable-plugin --with-system-zlib --disable-browser-plugin --enable-java-awt=gtk --enable-gtk-cairo --with-java-home=/usr/lib/jvm/java-1.5.0-gcj-5-amd64/jre --enable-java-home --with-jvm-root-dir=/usr/lib/jvm/java-1.5.0-gcj-5-amd64 --with-jvm-jar-dir=/usr/lib/jvm-exports/java-1.5.0-gcj-5-amd64 --with-arch-directory=amd64 --with-ecj-jar=/usr/share/java/eclipse-ecj.jar --enable-objc-gc --enable-multiarch --disable-werror --with-arch-32=i686 --with-abi=m64 --with-multilib-list=m32,m64,mx32 --enable-multilib --with-tune=generic --enable-checking=release --build=x86_64-linux-gnu --host=x86_64-linux-gnu --target=x86_64-linux-gnu
Thread model: posix
gcc version 5.4.0 20160609 (Ubuntu 5.4.0-6ubuntu1~16.04.9) 
configure:3756: $? = 0
configure:3745: g++ -V >&5
g++: error: unrecognized command line option '-V'
g++: fatal error: no input files
compilation terminated.
configure:3756: $? = 1
configure:3745: g++ -qversion >&5
g++: error: unrecognized command line option '-qversion'
g++: fatal error: no input files
compilation terminated.
configure:3756: $? = 1
configure:3776: checking whether the C++ compiler works
configure:3798: g++    conftest.cpp  >&5
configure:3802: $? = 0
configure:3850: result: yes
configure:3853: checking for C++ compiler default output file name
configure:3855: result: a.out
configure:3861: checking for suffix of executables
configure:3868: g++ -o conftest    conftest.cpp  >&5
configure:3872: $? = 0
configure:3894: result: 
configure:3916: checking whether we are cross compiling
configure:3924: g++ -o conftest    conftest.cpp  >&5
configure:3928: $? = 0
configure:3935: ./conftest
configure:3939: $? = 0
configure:3954: result: no
configure:3959: checking for suffix of object files
configure:3981: g++ -c   conftest.cpp >&5
configure:3985: $? = 0
configure:4006: result: o
configure:4010: checking whether we are using the GNU C++ compiler
configure:4029: g++ -c   conftest.cpp >&5
configure:4029: $? = 0
configure:4038: result: yes
configure:4047: checking whether g++ accepts -g
configure:4067: g++ -c -g  conftest.cpp >&5
configure:4067: $? = 0
configure:4108: result: yes
configure:4142: checking for style of include used by make
configure:4170: result: GNU
configure:4196: checking dependency style of g++
configure:4307: result: gcc3
configure:4376: checking for g++
configure:4392: found /usr/bin/g++
configure:4403: result: g++
configure:4428: checking for Objective C++ compiler version
configure:4437: g++ --version >&5
g++ (Ubuntu 5.4.0-6ubuntu1~16.04.9) 5.4.0 20160609
Copyright (C) 2015 Free Software Foundation, Inc.
This is free software; see the source for copying conditions.  There is NO
warranty; not even for MERCHANTABILITY or FITNESS FOR A PARTICULAR PURPOSE.

configure:4448: $? = 0
configure:4437: g++ -v >&5
Using built-in specs.
COLLECT_GCC=g++
COLLECT_LTO_WRAPPER=/usr/lib/gcc/x86_64-linux-gnu/5/lto-wrapper
Target: x86_64-linux-gnu
Configured with: ../src/configure -v --with-pkgversion='Ubuntu 5.4.0-6ubuntu1~16.04.9' --with-bugurl=file:///usr/share/doc/gcc-5/README.Bugs --enable-languages=c,ada,c++,java,go,d,fortran,objc,obj-c++ --prefix=/usr --program-suffix=-5 --enable-shared --enable-linker-build-id --libexecdir=/usr/lib --without-included-gettext --enable-threads=posix --libdir=/usr/lib --enable-nls --with-sysroot=/ --enable-clocale=gnu --enable-libstdcxx-debug --enable-libstdcxx-time=yes --with-default-libstdcxx-abi=new --enable-gnu-unique-object --disable-vtable-verify --enable-libmpx --enable-plugin --with-system-zlib --disable-browser-plugin --enable-java-awt=gtk --enable-gtk-cairo --with-java-home=/usr/lib/jvm/java-1.5.0-gcj-5-amd64/jre --enable-java-home --with-jvm-root-dir=/usr/lib/jvm/java-1.5.0-gcj-5-amd64 --with-jvm-jar-dir=/usr/lib/jvm-exports/java-1.5.0-gcj-5-amd64 --with-arch-directory=amd64 --with-ecj-jar=/usr/share/java/eclipse-ecj.jar --enable-objc-gc --enable-multiarch --disable-werror --with-arch-32=i686 --with-abi=m64 --with-multilib-list=m32,m64,mx32 --enable-multilib --with-tune=generic --enable-checking=release --build=x86_64-linux-gnu --host=x86_64-linux-gnu --target=x86_64-linux-gnu
Thread model: posix
gcc version 5.4.0 20160609 (Ubuntu 5.4.0-6ubuntu1~16.04.9) 
configure:4448: $? = 0
configure:4437: g++ -V >&5
g++: error: unrecognized command line option '-V'
g++: fatal error: no input files
compilation terminated.
configure:4448: $? = 1
configure:4437: g++ -qversion >&5
g++: error: unrecognized command line option '-qversion'
g++: fatal error: no input files
compilation terminated.
configure:4448: $? = 1
configure:4452: checking whether we are using the GNU Objective C++ compiler
configure:4471: g++ -c   conftest.mm >&5
g++: error trying to exec 'cc1objplus': execvp: No such file or directory
configure:4471: $? = 1
configure: failed program was:
| /* confdefs.h */
| #define PACKAGE_NAME "oaccoin Core"
| #define PACKAGE_TARNAME "oaccoin"
| #define PACKAGE_VERSION "0.10.4"
| #define PACKAGE_STRING "oaccoin Core 0.10.4"
| #define PACKAGE_BUGREPORT "info@oaccoin.org"
| #define PACKAGE_URL ""
| /* end confdefs.h.  */
| 
| int
| main ()
| {
| #ifndef __GNUC__
|        choke me
| #endif
| 
|   ;
|   return 0;
| }
configure:4480: result: no
configure:4489: checking whether g++ accepts -g
configure:4509: g++ -c -g  conftest.mm >&5
g++: error trying to exec 'cc1objplus': execvp: No such file or directory
configure:4509: $? = 1
configure: failed program was:
| /* confdefs.h */
| #define PACKAGE_NAME "oaccoin Core"
| #define PACKAGE_TARNAME "oaccoin"
| #define PACKAGE_VERSION "0.10.4"
| #define PACKAGE_STRING "oaccoin Core 0.10.4"
| #define PACKAGE_BUGREPORT "info@oaccoin.org"
| #define PACKAGE_URL ""
| /* end confdefs.h.  */
| 
| int
| main ()
| {
| 
|   ;
|   return 0;
| }
configure:4524: g++ -c   conftest.mm >&5
g++: error trying to exec 'cc1objplus': execvp: No such file or directory
configure:4524: $? = 1
configure: failed program was:
| /* confdefs.h */
| #define PACKAGE_NAME "oaccoin Core"
| #define PACKAGE_TARNAME "oaccoin"
| #define PACKAGE_VERSION "0.10.4"
| #define PACKAGE_STRING "oaccoin Core 0.10.4"
| #define PACKAGE_BUGREPORT "info@oaccoin.org"
| #define PACKAGE_URL ""
| /* end confdefs.h.  */
| 
| int
| main ()
| {
| 
|   ;
|   return 0;
| }
configure:4540: g++ -c -g  conftest.mm >&5
g++: error trying to exec 'cc1objplus': execvp: No such file or directory
configure:4540: $? = 1
configure: failed program was:
| /* confdefs.h */
| #define PACKAGE_NAME "oaccoin Core"
| #define PACKAGE_TARNAME "oaccoin"
| #define PACKAGE_VERSION "0.10.4"
| #define PACKAGE_STRING "oaccoin Core 0.10.4"
| #define PACKAGE_BUGREPORT "info@oaccoin.org"
| #define PACKAGE_URL ""
| /* end confdefs.h.  */
| 
| int
| main ()
| {
| 
|   ;
|   return 0;
| }
configure:4550: result: no
configure:4575: checking dependency style of g++
configure:4684: result: gcc3
configure:4751: checking how to print strings
configure:4778: result: printf
configure:4847: checking for gcc
configure:4863: found /usr/bin/gcc
configure:4874: result: gcc
configure:5103: checking for C compiler version
configure:5112: gcc --version >&5
gcc (Ubuntu 5.4.0-6ubuntu1~16.04.9) 5.4.0 20160609
Copyright (C) 2015 Free Software Foundation, Inc.
This is free software; see the source for copying conditions.  There is NO
warranty; not even for MERCHANTABILITY or FITNESS FOR A PARTICULAR PURPOSE.

configure:5123: $? = 0
configure:5112: gcc -v >&5
Using built-in specs.
COLLECT_GCC=gcc
COLLECT_LTO_WRAPPER=/usr/lib/gcc/x86_64-linux-gnu/5/lto-wrapper
Target: x86_64-linux-gnu
Configured with: ../src/configure -v --with-pkgversion='Ubuntu 5.4.0-6ubuntu1~16.04.9' --with-bugurl=file:///usr/share/doc/gcc-5/README.Bugs --enable-languages=c,ada,c++,java,go,d,fortran,objc,obj-c++ --prefix=/usr --program-suffix=-5 --enable-shared --enable-linker-build-id --libexecdir=/usr/lib --without-included-gettext --enable-threads=posix --libdir=/usr/lib --enable-nls --with-sysroot=/ --enable-clocale=gnu --enable-libstdcxx-debug --enable-libstdcxx-time=yes --with-default-libstdcxx-abi=new --enable-gnu-unique-object --disable-vtable-verify --enable-libmpx --enable-plugin --with-system-zlib --disable-browser-plugin --enable-java-awt=gtk --enable-gtk-cairo --with-java-home=/usr/lib/jvm/java-1.5.0-gcj-5-amd64/jre --enable-java-home --with-jvm-root-dir=/usr/lib/jvm/java-1.5.0-gcj-5-amd64 --with-jvm-jar-dir=/usr/lib/jvm-exports/java-1.5.0-gcj-5-amd64 --with-arch-directory=amd64 --with-ecj-jar=/usr/share/java/eclipse-ecj.jar --enable-objc-gc --enable-multiarch --disable-werror --with-arch-32=i686 --with-abi=m64 --with-multilib-list=m32,m64,mx32 --enable-multilib --with-tune=generic --enable-checking=release --build=x86_64-linux-gnu --host=x86_64-linux-gnu --target=x86_64-linux-gnu
Thread model: posix
gcc version 5.4.0 20160609 (Ubuntu 5.4.0-6ubuntu1~16.04.9) 
configure:5123: $? = 0
configure:5112: gcc -V >&5
gcc: error: unrecognized command line option '-V'
gcc: fatal error: no input files
compilation terminated.
configure:5123: $? = 1
configure:5112: gcc -qversion >&5
gcc: error: unrecognized command line option '-qversion'
gcc: fatal error: no input files
compilation terminated.
configure:5123: $? = 1
configure:5127: checking whether we are using the GNU C compiler
configure:5146: gcc -c   conftest.c >&5
configure:5146: $? = 0
configure:5155: result: yes
configure:5164: checking whether gcc accepts -g
configure:5184: gcc -c -g  conftest.c >&5
configure:5184: $? = 0
configure:5225: result: yes
configure:5242: checking for gcc option to accept ISO C89
configure:5305: gcc  -c -g -O2  conftest.c >&5
configure:5305: $? = 0
configure:5318: result: none needed
configure:5343: checking whether gcc understands -c and -o together
configure:5365: gcc -c conftest.c -o conftest2.o
configure:5368: $? = 0
configure:5365: gcc -c conftest.c -o conftest2.o
configure:5368: $? = 0
configure:5380: result: yes
configure:5399: checking dependency style of gcc
configure:5510: result: gcc3
configure:5525: checking for a sed that does not truncate output
configure:5589: result: /bin/sed
configure:5607: checking for grep that handles long lines and -e
configure:5665: result: /bin/grep
configure:5670: checking for egrep
configure:5732: result: /bin/grep -E
configure:5737: checking for fgrep
configure:5799: result: /bin/grep -F
configure:5834: checking for ld used by gcc
configure:5901: result: /usr/bin/ld
configure:5908: checking if the linker (/usr/bin/ld) is GNU ld
configure:5923: result: yes
configure:5935: checking for BSD- or MS-compatible name lister (nm)
configure:5989: result: /usr/bin/nm -B
configure:6119: checking the name lister (/usr/bin/nm -B) interface
configure:6126: gcc -c -g -O2  conftest.c >&5
configure:6129: /usr/bin/nm -B "conftest.o"
configure:6132: output
0000000000000000 B some_variable
configure:6139: result: BSD nm
configure:6142: checking whether ln -s works
configure:6146: result: yes
configure:6154: checking the maximum length of command line arguments
configure:6285: result: 1572864
configure:6333: checking how to convert x86_64-pc-linux-gnu file names to x86_64-pc-linux-gnu format
configure:6373: result: func_convert_file_noop
configure:6380: checking how to convert x86_64-pc-linux-gnu file names to toolchain format
configure:6400: result: func_convert_file_noop
configure:6407: checking for /usr/bin/ld option to reload object files
configure:6414: result: -r
configure:6488: checking for objdump
configure:6504: found /usr/bin/objdump
configure:6515: result: objdump
configure:6547: checking how to recognize dependent libraries
configure:6747: result: pass_all
configure:6832: checking for dlltool
configure:6862: result: no
configure:6892: checking how to associate runtime and link libraries
configure:6919: result: printf %s\n
configure:6980: checking for ar
configure:6996: found /usr/bin/ar
configure:7007: result: ar
configure:7044: checking for archiver @FILE support
configure:7061: gcc -c -g -O2  conftest.c >&5
configure:7061: $? = 0
configure:7064: ar cru libconftest.a @conftest.lst >&5
ar: `u' modifier ignored since `D' is the default (see `U')
configure:7067: $? = 0
configure:7072: ar cru libconftest.a @conftest.lst >&5
ar: `u' modifier ignored since `D' is the default (see `U')
ar: conftest.o: No such file or directory
configure:7075: $? = 1
configure:7087: result: @
configure:7145: checking for strip
configure:7161: found /usr/bin/strip
configure:7172: result: strip
configure:7244: checking for ranlib
configure:7260: found /usr/bin/ranlib
configure:7271: result: ranlib
configure:7373: checking command to parse /usr/bin/nm -B output from gcc object
configure:7526: gcc -c -g -O2  conftest.c >&5
configure:7529: $? = 0
configure:7533: /usr/bin/nm -B conftest.o \| sed -n -e 's/^.*[ ]\([ABCDGIRSTW][ABCDGIRSTW]*\)[ ][ ]*\([_A-Za-z][_A-Za-z0-9]*\)$/\1 \2 \2/p' | sed '/ __gnu_lto/d' \> conftest.nm
configure:7536: $? = 0
configure:7602: gcc -o conftest -g -O2   conftest.c conftstm.o >&5
configure:7605: $? = 0
configure:7643: result: ok
configure:7690: checking for sysroot
configure:7720: result: no
configure:7727: checking for a working dd
configure:7765: result: /bin/dd
configure:7769: checking how to truncate binary pipes
configure:7784: result: /bin/dd bs=4096 count=1
configure:7920: gcc -c -g -O2  conftest.c >&5
configure:7923: $? = 0
configure:8113: checking for mt
configure:8129: found /bin/mt
configure:8140: result: mt
configure:8163: checking if mt is a manifest tool
configure:8169: mt '-?'
configure:8177: result: no
configure:8854: checking how to run the C preprocessor
configure:8885: gcc -E  conftest.c
configure:8885: $? = 0
configure:8899: gcc -E  conftest.c
conftest.c:9:28: fatal error: ac_nonexistent.h: No such file or directory
compilation terminated.
configure:8899: $? = 1
configure: failed program was:
| /* confdefs.h */
| #define PACKAGE_NAME "oaccoin Core"
| #define PACKAGE_TARNAME "oaccoin"
| #define PACKAGE_VERSION "0.10.4"
| #define PACKAGE_STRING "oaccoin Core 0.10.4"
| #define PACKAGE_BUGREPORT "info@oaccoin.org"
| #define PACKAGE_URL ""
| /* end confdefs.h.  */
| #include <ac_nonexistent.h>
configure:8924: result: gcc -E
configure:8944: gcc -E  conftest.c
configure:8944: $? = 0
configure:8958: gcc -E  conftest.c
conftest.c:9:28: fatal error: ac_nonexistent.h: No such file or directory
compilation terminated.
configure:8958: $? = 1
configure: failed program was:
| /* confdefs.h */
| #define PACKAGE_NAME "oaccoin Core"
| #define PACKAGE_TARNAME "oaccoin"
| #define PACKAGE_VERSION "0.10.4"
| #define PACKAGE_STRING "oaccoin Core 0.10.4"
| #define PACKAGE_BUGREPORT "info@oaccoin.org"
| #define PACKAGE_URL ""
| /* end confdefs.h.  */
| #include <ac_nonexistent.h>
configure:8987: checking for ANSI C header files
configure:9007: gcc -c -g -O2  conftest.c >&5
configure:9007: $? = 0
configure:9080: gcc -o conftest -g -O2   conftest.c  >&5
configure:9080: $? = 0
configure:9080: ./conftest
configure:9080: $? = 0
configure:9091: result: yes
configure:9104: checking for sys/types.h
configure:9104: gcc -c -g -O2  conftest.c >&5
configure:9104: $? = 0
configure:9104: result: yes
configure:9104: checking for sys/stat.h
configure:9104: gcc -c -g -O2  conftest.c >&5
configure:9104: $? = 0
configure:9104: result: yes
configure:9104: checking for stdlib.h
configure:9104: gcc -c -g -O2  conftest.c >&5
configure:9104: $? = 0
configure:9104: result: yes
configure:9104: checking for string.h
configure:9104: gcc -c -g -O2  conftest.c >&5
configure:9104: $? = 0
configure:9104: result: yes
configure:9104: checking for memory.h
configure:9104: gcc -c -g -O2  conftest.c >&5
configure:9104: $? = 0
configure:9104: result: yes
configure:9104: checking for strings.h
configure:9104: gcc -c -g -O2  conftest.c >&5
configure:9104: $? = 0
configure:9104: result: yes
configure:9104: checking for inttypes.h
configure:9104: gcc -c -g -O2  conftest.c >&5
configure:9104: $? = 0
configure:9104: result: yes
configure:9104: checking for stdint.h
configure:9104: gcc -c -g -O2  conftest.c >&5
configure:9104: $? = 0
configure:9104: result: yes
configure:9104: checking for unistd.h
configure:9104: gcc -c -g -O2  conftest.c >&5
configure:9104: $? = 0
configure:9104: result: yes
configure:9118: checking for dlfcn.h
configure:9118: gcc -c -g -O2  conftest.c >&5
configure:9118: $? = 0
configure:9118: result: yes
configure:9384: checking for objdir
configure:9399: result: .libs
configure:9663: checking if gcc supports -fno-rtti -fno-exceptions
configure:9681: gcc -c -g -O2  -fno-rtti -fno-exceptions conftest.c >&5
cc1: warning: command line option '-fno-rtti' is valid for C++/ObjC++ but not for C
configure:9685: $? = 0
configure:9698: result: no
configure:10056: checking for gcc option to produce PIC
configure:10063: result: -fPIC -DPIC
configure:10071: checking if gcc PIC flag -fPIC -DPIC works
configure:10089: gcc -c -g -O2  -fPIC -DPIC -DPIC conftest.c >&5
configure:10093: $? = 0
configure:10106: result: yes
configure:10135: checking if gcc static flag -static works
configure:10163: result: yes
configure:10178: checking if gcc supports -c -o file.o
configure:10199: gcc -c -g -O2  -o out/conftest2.o conftest.c >&5
configure:10203: $? = 0
configure:10225: result: yes
configure:10233: checking if gcc supports -c -o file.o
configure:10280: result: yes
configure:10313: checking whether the gcc linker (/usr/bin/ld -m elf_x86_64) supports shared libraries
configure:11576: result: yes
configure:11613: checking whether -lc should be explicitly linked in
configure:11621: gcc -c -g -O2  conftest.c >&5
configure:11624: $? = 0
configure:11639: gcc -shared  -fPIC -DPIC conftest.o  -v -Wl,-soname -Wl,conftest -o conftest 2\>\&1 \| /bin/grep  -lc  \>/dev/null 2\>\&1
configure:11642: $? = 0
configure:11656: result: no
configure:11816: checking dynamic linker characteristics
configure:12397: gcc -o conftest -g -O2   -Wl,-rpath -Wl,/foo conftest.c  >&5
configure:12397: $? = 0
configure:12646: result: GNU/Linux ld.so
configure:12768: checking how to hardcode library paths into programs
configure:12793: result: immediate
configure:13341: checking whether stripping libraries is possible
configure:13346: result: yes
configure:13381: checking if libtool supports shared libraries
configure:13383: result: yes
configure:13386: checking whether to build shared libraries
configure:13411: result: yes
configure:13414: checking whether to build static libraries
configure:13418: result: yes
configure:13441: checking how to run the C++ preprocessor
configure:13468: g++ -E  conftest.cpp
configure:13468: $? = 0
configure:13482: g++ -E  conftest.cpp
conftest.cpp:21:28: fatal error: ac_nonexistent.h: No such file or directory
compilation terminated.
configure:13482: $? = 1
configure: failed program was:
| /* confdefs.h */
| #define PACKAGE_NAME "oaccoin Core"
| #define PACKAGE_TARNAME "oaccoin"
| #define PACKAGE_VERSION "0.10.4"
| #define PACKAGE_STRING "oaccoin Core 0.10.4"
| #define PACKAGE_BUGREPORT "info@oaccoin.org"
| #define PACKAGE_URL ""
| #define STDC_HEADERS 1
| #define HAVE_SYS_TYPES_H 1
| #define HAVE_SYS_STAT_H 1
| #define HAVE_STDLIB_H 1
| #define HAVE_STRING_H 1
| #define HAVE_MEMORY_H 1
| #define HAVE_STRINGS_H 1
| #define HAVE_INTTYPES_H 1
| #define HAVE_STDINT_H 1
| #define HAVE_UNISTD_H 1
| #define HAVE_DLFCN_H 1
| #define LT_OBJDIR ".libs/"
| /* end confdefs.h.  */
| #include <ac_nonexistent.h>
configure:13507: result: g++ -E
configure:13527: g++ -E  conftest.cpp
configure:13527: $? = 0
configure:13541: g++ -E  conftest.cpp
conftest.cpp:21:28: fatal error: ac_nonexistent.h: No such file or directory
compilation terminated.
configure:13541: $? = 1
configure: failed program was:
| /* confdefs.h */
| #define PACKAGE_NAME "oaccoin Core"
| #define PACKAGE_TARNAME "oaccoin"
| #define PACKAGE_VERSION "0.10.4"
| #define PACKAGE_STRING "oaccoin Core 0.10.4"
| #define PACKAGE_BUGREPORT "info@oaccoin.org"
| #define PACKAGE_URL ""
| #define STDC_HEADERS 1
| #define HAVE_SYS_TYPES_H 1
| #define HAVE_SYS_STAT_H 1
| #define HAVE_STDLIB_H 1
| #define HAVE_STRING_H 1
| #define HAVE_MEMORY_H 1
| #define HAVE_STRINGS_H 1
| #define HAVE_INTTYPES_H 1
| #define HAVE_STDINT_H 1
| #define HAVE_UNISTD_H 1
| #define HAVE_DLFCN_H 1
| #define LT_OBJDIR ".libs/"
| /* end confdefs.h.  */
| #include <ac_nonexistent.h>
configure:13703: checking for ld used by g++
configure:13770: result: /usr/bin/ld -m elf_x86_64
configure:13777: checking if the linker (/usr/bin/ld -m elf_x86_64) is GNU ld
configure:13792: result: yes
configure:13847: checking whether the g++ linker (/usr/bin/ld -m elf_x86_64) supports shared libraries
configure:14920: result: yes
configure:14956: g++ -c -g -O2  conftest.cpp >&5
configure:14959: $? = 0
configure:15440: checking for g++ option to produce PIC
configure:15447: result: -fPIC -DPIC
configure:15455: checking if g++ PIC flag -fPIC -DPIC works
configure:15473: g++ -c -g -O2  -fPIC -DPIC -DPIC conftest.cpp >&5
configure:15477: $? = 0
configure:15490: result: yes
configure:15513: checking if g++ static flag -static works
configure:15541: result: yes
configure:15553: checking if g++ supports -c -o file.o
configure:15574: g++ -c -g -O2  -o out/conftest2.o conftest.cpp >&5
configure:15578: $? = 0
configure:15600: result: yes
configure:15605: checking if g++ supports -c -o file.o
configure:15652: result: yes
configure:15682: checking whether the g++ linker (/usr/bin/ld -m elf_x86_64) supports shared libraries
configure:15725: result: yes
configure:15866: checking dynamic linker characteristics
configure:16623: result: GNU/Linux ld.so
configure:16688: checking how to hardcode library paths into programs
configure:16713: result: immediate
configure:16821: checking for ar
configure:16839: found /usr/bin/ar
configure:16851: result: /usr/bin/ar
configure:16919: checking for ranlib
configure:16937: found /usr/bin/ranlib
configure:16949: result: /usr/bin/ranlib
configure:17017: checking for strip
configure:17035: found /usr/bin/strip
configure:17047: result: /usr/bin/strip
configure:17115: checking for gcov
configure:17133: found /usr/bin/gcov
configure:17145: result: /usr/bin/gcov
configure:17169: checking for lcov
configure:17202: result: no
configure:17209: checking for java
configure:17227: found /usr/bin/java
configure:17239: result: /usr/bin/java
configure:17249: checking for genhtml
configure:17282: result: no
configure:17289: checking for git
configure:17307: found /usr/bin/git
configure:17319: result: /usr/bin/git
configure:17329: checking for ccache
configure:17362: result: no
configure:17369: checking for xgettext
configure:17387: found /usr/bin/xgettext
configure:17399: result: /usr/bin/xgettext
configure:17409: checking for hexdump
configure:17427: found /usr/bin/hexdump
configure:17439: result: /usr/bin/hexdump
configure:17594: checking for pkg-config
configure:17612: found /usr/bin/pkg-config
configure:17624: result: /usr/bin/pkg-config
configure:17649: checking pkg-config is at least version 0.9.0
configure:17652: result: yes
configure:19295: checking whether byte ordering is bigendian
configure:19310: g++ -c -g -O2 -Wall -Wextra -Wformat -Wformat-security -Wno-unused-parameter -Wno-self-assign  -DBOOST_SPIRIT_THREADSAFE -DHAVE_BUILD_INFO -D__STDC_FORMAT_MACROS conftest.cpp >&5
conftest.cpp:22:9: error: expected unqualified-id before 'not' token
         not a universal capable compiler
         ^
cc1plus: warning: unrecognized command line option '-Wno-self-assign'
configure:19310: $? = 1
configure: failed program was:
| /* confdefs.h */
| #define PACKAGE_NAME "oaccoin Core"
| #define PACKAGE_TARNAME "oaccoin"
| #define PACKAGE_VERSION "0.10.4"
| #define PACKAGE_STRING "oaccoin Core 0.10.4"
| #define PACKAGE_BUGREPORT "info@oaccoin.org"
| #define PACKAGE_URL ""
| #define STDC_HEADERS 1
| #define HAVE_SYS_TYPES_H 1
| #define HAVE_SYS_STAT_H 1
| #define HAVE_STDLIB_H 1
| #define HAVE_STRING_H 1
| #define HAVE_MEMORY_H 1
| #define HAVE_STRINGS_H 1
| #define HAVE_INTTYPES_H 1
| #define HAVE_STDINT_H 1
| #define HAVE_UNISTD_H 1
| #define HAVE_DLFCN_H 1
| #define LT_OBJDIR ".libs/"
| /* end confdefs.h.  */
| #ifndef __APPLE_CC__
| 	       not a universal capable compiler
| 	     #endif
| 	     typedef int dummy;
| 
configure:19355: g++ -c -g -O2 -Wall -Wextra -Wformat -Wformat-security -Wno-unused-parameter -Wno-self-assign  -DBOOST_SPIRIT_THREADSAFE -DHAVE_BUILD_INFO -D__STDC_FORMAT_MACROS conftest.cpp >&5
configure:19355: $? = 0
configure:19373: g++ -c -g -O2 -Wall -Wextra -Wformat -Wformat-security -Wno-unused-parameter -Wno-self-assign  -DBOOST_SPIRIT_THREADSAFE -DHAVE_BUILD_INFO -D__STDC_FORMAT_MACROS conftest.cpp >&5
conftest.cpp: In function 'int main()':
conftest.cpp:28:8: error: 'big' was not declared in this scope
    not big endian
        ^
At global scope:
cc1plus: warning: unrecognized command line option '-Wno-self-assign'
configure:19373: $? = 1
configure: failed program was:
| /* confdefs.h */
| #define PACKAGE_NAME "oaccoin Core"
| #define PACKAGE_TARNAME "oaccoin"
| #define PACKAGE_VERSION "0.10.4"
| #define PACKAGE_STRING "oaccoin Core 0.10.4"
| #define PACKAGE_BUGREPORT "info@oaccoin.org"
| #define PACKAGE_URL ""
| #define STDC_HEADERS 1
| #define HAVE_SYS_TYPES_H 1
| #define HAVE_SYS_STAT_H 1
| #define HAVE_STDLIB_H 1
| #define HAVE_STRING_H 1
| #define HAVE_MEMORY_H 1
| #define HAVE_STRINGS_H 1
| #define HAVE_INTTYPES_H 1
| #define HAVE_STDINT_H 1
| #define HAVE_UNISTD_H 1
| #define HAVE_DLFCN_H 1
| #define LT_OBJDIR ".libs/"
| /* end confdefs.h.  */
| #include <sys/types.h>
| 		#include <sys/param.h>
| 
| int
| main ()
| {
| #if BYTE_ORDER != BIG_ENDIAN
| 		 not big endian
| 		#endif
| 
|   ;
|   return 0;
| }
configure:19501: result: no
configure:19631: checking if compiler needs -Werror to reject unknown flags
configure:19647: gcc -c -g -O2 -Werror -Wunknown-warning-option -Wsizeof-array-argument  -DBOOST_SPIRIT_THREADSAFE -DHAVE_BUILD_INFO -D__STDC_FORMAT_MACROS conftest.c >&5
gcc: error: unrecognized command line option '-Wunknown-warning-option'
configure:19647: $? = 1
configure: failed program was:
| /* confdefs.h */
| #define PACKAGE_NAME "oaccoin Core"
| #define PACKAGE_TARNAME "oaccoin"
| #define PACKAGE_VERSION "0.10.4"
| #define PACKAGE_STRING "oaccoin Core 0.10.4"
| #define PACKAGE_BUGREPORT "info@oaccoin.org"
| #define PACKAGE_URL ""
| #define STDC_HEADERS 1
| #define HAVE_SYS_TYPES_H 1
| #define HAVE_SYS_STAT_H 1
| #define HAVE_STDLIB_H 1
| #define HAVE_STRING_H 1
| #define HAVE_MEMORY_H 1
| #define HAVE_STRINGS_H 1
| #define HAVE_INTTYPES_H 1
| #define HAVE_STDINT_H 1
| #define HAVE_UNISTD_H 1
| #define HAVE_DLFCN_H 1
| #define LT_OBJDIR ".libs/"
| /* end confdefs.h.  */
| int foo(void);
| int
| main ()
| {
| foo()
|   ;
|   return 0;
| }
configure:19652: result: no
configure:19718: checking for the pthreads library -lpthreads
configure:19756: gcc -o conftest -g -O2    -DBOOST_SPIRIT_THREADSAFE -DHAVE_BUILD_INFO -D__STDC_FORMAT_MACROS  conftest.c -lpthreads  >&5
/usr/bin/ld: cannot find -lpthreads
collect2: error: ld returned 1 exit status
configure:19756: $? = 1
configure: failed program was:
| /* confdefs.h */
| #define PACKAGE_NAME "oaccoin Core"
| #define PACKAGE_TARNAME "oaccoin"
| #define PACKAGE_VERSION "0.10.4"
| #define PACKAGE_STRING "oaccoin Core 0.10.4"
| #define PACKAGE_BUGREPORT "info@oaccoin.org"
| #define PACKAGE_URL ""
| #define STDC_HEADERS 1
| #define HAVE_SYS_TYPES_H 1
| #define HAVE_SYS_STAT_H 1
| #define HAVE_STDLIB_H 1
| #define HAVE_STRING_H 1
| #define HAVE_MEMORY_H 1
| #define HAVE_STRINGS_H 1
| #define HAVE_INTTYPES_H 1
| #define HAVE_STDINT_H 1
| #define HAVE_UNISTD_H 1
| #define HAVE_DLFCN_H 1
| #define LT_OBJDIR ".libs/"
| /* end confdefs.h.  */
| #include <pthread.h>
|                         static void routine(void *a) { a = 0; }
|                         static void *start_routine(void *a) { return a; }
| int
| main ()
| {
| pthread_t th; pthread_attr_t attr;
|                         pthread_create(&th, 0, start_routine, 0);
|                         pthread_join(th, 0);
|                         pthread_attr_init(&attr);
|                         pthread_cleanup_push(routine, 0);
|                         pthread_cleanup_pop(0) /* ; */
|   ;
|   return 0;
| }
configure:19765: result: no
configure:19663: checking whether pthreads work without any flags
configure:19756: gcc -o conftest -g -O2    -DBOOST_SPIRIT_THREADSAFE -DHAVE_BUILD_INFO -D__STDC_FORMAT_MACROS  conftest.c   >&5
/tmp/ccErT26n.o: In function `main':
/home/tsinghua-yincheng/桌面/oaccoin/conftest.c:28: undefined reference to `pthread_create'
/home/tsinghua-yincheng/桌面/oaccoin/conftest.c:29: undefined reference to `pthread_join'
/home/tsinghua-yincheng/桌面/oaccoin/conftest.c:31: undefined reference to `__pthread_register_cancel'
/home/tsinghua-yincheng/桌面/oaccoin/conftest.c:32: undefined reference to `__pthread_unregister_cancel'
collect2: error: ld returned 1 exit status
configure:19756: $? = 1
configure: failed program was:
| /* confdefs.h */
| #define PACKAGE_NAME "oaccoin Core"
| #define PACKAGE_TARNAME "oaccoin"
| #define PACKAGE_VERSION "0.10.4"
| #define PACKAGE_STRING "oaccoin Core 0.10.4"
| #define PACKAGE_BUGREPORT "info@oaccoin.org"
| #define PACKAGE_URL ""
| #define STDC_HEADERS 1
| #define HAVE_SYS_TYPES_H 1
| #define HAVE_SYS_STAT_H 1
| #define HAVE_STDLIB_H 1
| #define HAVE_STRING_H 1
| #define HAVE_MEMORY_H 1
| #define HAVE_STRINGS_H 1
| #define HAVE_INTTYPES_H 1
| #define HAVE_STDINT_H 1
| #define HAVE_UNISTD_H 1
| #define HAVE_DLFCN_H 1
| #define LT_OBJDIR ".libs/"
| /* end confdefs.h.  */
| #include <pthread.h>
|                         static void routine(void *a) { a = 0; }
|                         static void *start_routine(void *a) { return a; }
| int
| main ()
| {
| pthread_t th; pthread_attr_t attr;
|                         pthread_create(&th, 0, start_routine, 0);
|                         pthread_join(th, 0);
|                         pthread_attr_init(&attr);
|                         pthread_cleanup_push(routine, 0);
|                         pthread_cleanup_pop(0) /* ; */
|   ;
|   return 0;
| }
configure:19765: result: no
configure:19668: checking whether pthreads work with -Kthread
configure:19756: gcc -o conftest -g -O2 -Kthread   -DBOOST_SPIRIT_THREADSAFE -DHAVE_BUILD_INFO -D__STDC_FORMAT_MACROS  conftest.c   >&5
gcc: error: unrecognized command line option '-Kthread'
configure:19756: $? = 1
configure: failed program was:
| /* confdefs.h */
| #define PACKAGE_NAME "oaccoin Core"
| #define PACKAGE_TARNAME "oaccoin"
| #define PACKAGE_VERSION "0.10.4"
| #define PACKAGE_STRING "oaccoin Core 0.10.4"
| #define PACKAGE_BUGREPORT "info@oaccoin.org"
| #define PACKAGE_URL ""
| #define STDC_HEADERS 1
| #define HAVE_SYS_TYPES_H 1
| #define HAVE_SYS_STAT_H 1
| #define HAVE_STDLIB_H 1
| #define HAVE_STRING_H 1
| #define HAVE_MEMORY_H 1
| #define HAVE_STRINGS_H 1
| #define HAVE_INTTYPES_H 1
| #define HAVE_STDINT_H 1
| #define HAVE_UNISTD_H 1
| #define HAVE_DLFCN_H 1
| #define LT_OBJDIR ".libs/"
| /* end confdefs.h.  */
| #include <pthread.h>
|                         static void routine(void *a) { a = 0; }
|                         static void *start_routine(void *a) { return a; }
| int
| main ()
| {
| pthread_t th; pthread_attr_t attr;
|                         pthread_create(&th, 0, start_routine, 0);
|                         pthread_join(th, 0);
|                         pthread_attr_init(&attr);
|                         pthread_cleanup_push(routine, 0);
|                         pthread_cleanup_pop(0) /* ; */
|   ;
|   return 0;
| }
configure:19765: result: no
configure:19668: checking whether pthreads work with -kthread
configure:19756: gcc -o conftest -g -O2 -kthread   -DBOOST_SPIRIT_THREADSAFE -DHAVE_BUILD_INFO -D__STDC_FORMAT_MACROS  conftest.c   >&5
gcc: error: unrecognized command line option '-kthread'
configure:19756: $? = 1
configure: failed program was:
| /* confdefs.h */
| #define PACKAGE_NAME "oaccoin Core"
| #define PACKAGE_TARNAME "oaccoin"
| #define PACKAGE_VERSION "0.10.4"
| #define PACKAGE_STRING "oaccoin Core 0.10.4"
| #define PACKAGE_BUGREPORT "info@oaccoin.org"
| #define PACKAGE_URL ""
| #define STDC_HEADERS 1
| #define HAVE_SYS_TYPES_H 1
| #define HAVE_SYS_STAT_H 1
| #define HAVE_STDLIB_H 1
| #define HAVE_STRING_H 1
| #define HAVE_MEMORY_H 1
| #define HAVE_STRINGS_H 1
| #define HAVE_INTTYPES_H 1
| #define HAVE_STDINT_H 1
| #define HAVE_UNISTD_H 1
| #define HAVE_DLFCN_H 1
| #define LT_OBJDIR ".libs/"
| /* end confdefs.h.  */
| #include <pthread.h>
|                         static void routine(void *a) { a = 0; }
|                         static void *start_routine(void *a) { return a; }
| int
| main ()
| {
| pthread_t th; pthread_attr_t attr;
|                         pthread_create(&th, 0, start_routine, 0);
|                         pthread_join(th, 0);
|                         pthread_attr_init(&attr);
|                         pthread_cleanup_push(routine, 0);
|                         pthread_cleanup_pop(0) /* ; */
|   ;
|   return 0;
| }
configure:19765: result: no
configure:19718: checking for the pthreads library -llthread
configure:19756: gcc -o conftest -g -O2    -DBOOST_SPIRIT_THREADSAFE -DHAVE_BUILD_INFO -D__STDC_FORMAT_MACROS  conftest.c -llthread  >&5
/usr/bin/ld: cannot find -llthread
collect2: error: ld returned 1 exit status
configure:19756: $? = 1
configure: failed program was:
| /* confdefs.h */
| #define PACKAGE_NAME "oaccoin Core"
| #define PACKAGE_TARNAME "oaccoin"
| #define PACKAGE_VERSION "0.10.4"
| #define PACKAGE_STRING "oaccoin Core 0.10.4"
| #define PACKAGE_BUGREPORT "info@oaccoin.org"
| #define PACKAGE_URL ""
| #define STDC_HEADERS 1
| #define HAVE_SYS_TYPES_H 1
| #define HAVE_SYS_STAT_H 1
| #define HAVE_STDLIB_H 1
| #define HAVE_STRING_H 1
| #define HAVE_MEMORY_H 1
| #define HAVE_STRINGS_H 1
| #define HAVE_INTTYPES_H 1
| #define HAVE_STDINT_H 1
| #define HAVE_UNISTD_H 1
| #define HAVE_DLFCN_H 1
| #define LT_OBJDIR ".libs/"
| /* end confdefs.h.  */
| #include <pthread.h>
|                         static void routine(void *a) { a = 0; }
|                         static void *start_routine(void *a) { return a; }
| int
| main ()
| {
| pthread_t th; pthread_attr_t attr;
|                         pthread_create(&th, 0, start_routine, 0);
|                         pthread_join(th, 0);
|                         pthread_attr_init(&attr);
|                         pthread_cleanup_push(routine, 0);
|                         pthread_cleanup_pop(0) /* ; */
|   ;
|   return 0;
| }
configure:19765: result: no
configure:19668: checking whether pthreads work with -pthread
configure:19756: gcc -o conftest -g -O2 -pthread   -DBOOST_SPIRIT_THREADSAFE -DHAVE_BUILD_INFO -D__STDC_FORMAT_MACROS  conftest.c   >&5
configure:19756: $? = 0
configure:19765: result: yes
configure:19784: checking for joinable pthread attribute
configure:19799: gcc -o conftest -g -O2 -pthread  -DBOOST_SPIRIT_THREADSAFE -DHAVE_BUILD_INFO -D__STDC_FORMAT_MACROS  conftest.c   >&5
configure:19799: $? = 0
configure:19805: result: PTHREAD_CREATE_JOINABLE
configure:19815: checking if more special flags are required for pthreads
configure:19830: result: no
configure:19836: checking for PTHREAD_PRIO_INHERIT
configure:19853: gcc -o conftest -g -O2 -pthread  -DBOOST_SPIRIT_THREADSAFE -DHAVE_BUILD_INFO -D__STDC_FORMAT_MACROS  conftest.c   >&5
configure:19853: $? = 0
configure:19862: result: yes
configure:19972: checking for special C compiler options needed for large files
configure:20017: result: no
configure:20023: checking for _FILE_OFFSET_BITS value needed for large files
configure:20048: g++ -c -g -O2 -Wall -Wextra -Wformat -Wformat-security -Wno-unused-parameter -Wno-self-assign  -DBOOST_SPIRIT_THREADSAFE -DHAVE_BUILD_INFO -D__STDC_FORMAT_MACROS conftest.cpp >&5
configure:20048: $? = 0
configure:20080: result: no
configure:20166: checking whether strerror_r is declared
configure:20166: g++ -c -g -O2 -Wall -Wextra -Wformat -Wformat-security -Wno-unused-parameter -Wno-self-assign  -DBOOST_SPIRIT_THREADSAFE -DHAVE_BUILD_INFO -D__STDC_FORMAT_MACROS conftest.cpp >&5
configure:20166: $? = 0
configure:20166: result: yes
configure:20179: checking for strerror_r
configure:20179: g++ -o conftest -g -O2 -Wall -Wextra -Wformat -Wformat-security -Wno-unused-parameter -Wno-self-assign  -DBOOST_SPIRIT_THREADSAFE -DHAVE_BUILD_INFO -D__STDC_FORMAT_MACROS  conftest.cpp  >&5
configure:20179: $? = 0
configure:20179: result: yes
configure:20188: checking whether strerror_r returns char *
configure:20212: g++ -c -g -O2 -Wall -Wextra -Wformat -Wformat-security -Wno-unused-parameter -Wno-self-assign  -DBOOST_SPIRIT_THREADSAFE -DHAVE_BUILD_INFO -D__STDC_FORMAT_MACROS conftest.cpp >&5
configure:20212: $? = 0
configure:20250: result: yes
configure:20271: checking whether the linker accepts -Wl,--large-address-aware
configure:20290: g++ -o conftest -g -O2 -Wall -Wextra -Wformat -Wformat-security -Wno-unused-parameter -Wno-self-assign  -DBOOST_SPIRIT_THREADSAFE -DHAVE_BUILD_INFO -D__STDC_FORMAT_MACROS   -Wl,--large-address-aware conftest.cpp  >&5
/usr/bin/ld: unrecognized option '--large-address-aware'
/usr/bin/ld: use the --help option for usage information
collect2: error: ld returned 1 exit status
configure:20290: $? = 1
configure: failed program was:
| /* confdefs.h */
| #define PACKAGE_NAME "oaccoin Core"
| #define PACKAGE_TARNAME "oaccoin"
| #define PACKAGE_VERSION "0.10.4"
| #define PACKAGE_STRING "oaccoin Core 0.10.4"
| #define PACKAGE_BUGREPORT "info@oaccoin.org"
| #define PACKAGE_URL ""
| #define STDC_HEADERS 1
| #define HAVE_SYS_TYPES_H 1
| #define HAVE_SYS_STAT_H 1
| #define HAVE_STDLIB_H 1
| #define HAVE_STRING_H 1
| #define HAVE_MEMORY_H 1
| #define HAVE_STRINGS_H 1
| #define HAVE_INTTYPES_H 1
| #define HAVE_STDINT_H 1
| #define HAVE_UNISTD_H 1
| #define HAVE_DLFCN_H 1
| #define LT_OBJDIR ".libs/"
| #define HAVE_PTHREAD_PRIO_INHERIT 1
| #define HAVE_PTHREAD 1
| #define HAVE_DECL_STRERROR_R 1
| #define HAVE_STRERROR_R 1
| #define STRERROR_R_CHAR_P 1
| /* end confdefs.h.  */
| 
| int
| main ()
| {
| 
|   ;
|   return 0;
| }
configure:20299: result: no
configure:20311: checking for __attribute__((visibility))
configure:20333: g++ -o conftest -g -O2 -Wall -Wextra -Wformat -Wformat-security -Wno-unused-parameter -Wno-self-assign  -DBOOST_SPIRIT_THREADSAFE -DHAVE_BUILD_INFO -D__STDC_FORMAT_MACROS  conftest.cpp  >&5
configure:20333: $? = 0
configure:20346: result: yes
configure:20362: checking for __attribute__((dllexport))
configure:20383: g++ -o conftest -g -O2 -Wall -Wextra -Wformat -Wformat-security -Wno-unused-parameter -Wno-self-assign  -DBOOST_SPIRIT_THREADSAFE -DHAVE_BUILD_INFO -D__STDC_FORMAT_MACROS  conftest.cpp  >&5
conftest.cpp:29:62: warning: 'dllexport' attribute directive ignored [-Wattributes]
                     __attribute__((dllexport)) int foo( void ) { return 0; }
                                                              ^
cc1plus: warning: unrecognized command line option '-Wno-self-assign'
configure:20383: $? = 0
configure:20396: result: no
configure:20412: checking for __attribute__((dllimport))
configure:20433: g++ -o conftest -g -O2 -Wall -Wextra -Wformat -Wformat-security -Wno-unused-parameter -Wno-self-assign  -DBOOST_SPIRIT_THREADSAFE -DHAVE_BUILD_INFO -D__STDC_FORMAT_MACROS  conftest.cpp  >&5
conftest.cpp:29:62: warning: 'dllimport' attribute directive ignored [-Wattributes]
                     int foo( void ) __attribute__((dllimport));
                                                              ^
cc1plus: warning: unrecognized command line option '-Wno-self-assign'
configure:20433: $? = 0
configure:20446: result: no
configure:20499: checking whether C++ compiler accepts -Wstack-protector
configure:20518: g++ -c -g -O2 -Wall -Wextra -Wformat -Wformat-security -Wno-unused-parameter -Wno-self-assign  -Wstack-protector  -DBOOST_SPIRIT_THREADSAFE -DHAVE_BUILD_INFO -D__STDC_FORMAT_MACROS conftest.cpp >&5
configure:20518: $? = 0
configure:20526: result: yes
configure:20534: checking whether C++ compiler accepts -fstack-protector-all
configure:20553: g++ -c -g -O2 -Wall -Wextra -Wformat -Wformat-security -Wno-unused-parameter -Wno-self-assign  -fstack-protector-all  -DBOOST_SPIRIT_THREADSAFE -DHAVE_BUILD_INFO -D__STDC_FORMAT_MACROS conftest.cpp >&5
configure:20553: $? = 0
configure:20561: result: yes
configure:20571: checking whether C++ preprocessor accepts -D_FORTIFY_SOURCE=2
configure:20590: g++ -E  -DBOOST_SPIRIT_THREADSAFE -DHAVE_BUILD_INFO -D__STDC_FORMAT_MACROS  -D_FORTIFY_SOURCE=2 conftest.cpp
configure:20590: $? = 0
configure:20598: result: yes
configure:20602: checking whether C++ preprocessor accepts -U_FORTIFY_SOURCE
configure:20621: g++ -E  -DBOOST_SPIRIT_THREADSAFE -DHAVE_BUILD_INFO -D__STDC_FORMAT_MACROS  -U_FORTIFY_SOURCE conftest.cpp
configure:20621: $? = 0
configure:20629: result: yes
configure:20646: checking whether the linker accepts -Wl,--dynamicbase
configure:20665: g++ -o conftest -g -O2 -Wall -Wextra -Wformat -Wformat-security -Wno-unused-parameter -Wno-self-assign  -DBOOST_SPIRIT_THREADSAFE -DHAVE_BUILD_INFO -D__STDC_FORMAT_MACROS   -Wl,--dynamicbase conftest.cpp  >&5
/usr/bin/ld: unrecognized option '--dynamicbase'
/usr/bin/ld: use the --help option for usage information
collect2: error: ld returned 1 exit status
configure:20665: $? = 1
configure: failed program was:
| /* confdefs.h */
| #define PACKAGE_NAME "oaccoin Core"
| #define PACKAGE_TARNAME "oaccoin"
| #define PACKAGE_VERSION "0.10.4"
| #define PACKAGE_STRING "oaccoin Core 0.10.4"
| #define PACKAGE_BUGREPORT "info@oaccoin.org"
| #define PACKAGE_URL ""
| #define STDC_HEADERS 1
| #define HAVE_SYS_TYPES_H 1
| #define HAVE_SYS_STAT_H 1
| #define HAVE_STDLIB_H 1
| #define HAVE_STRING_H 1
| #define HAVE_MEMORY_H 1
| #define HAVE_STRINGS_H 1
| #define HAVE_INTTYPES_H 1
| #define HAVE_STDINT_H 1
| #define HAVE_UNISTD_H 1
| #define HAVE_DLFCN_H 1
| #define LT_OBJDIR ".libs/"
| #define HAVE_PTHREAD_PRIO_INHERIT 1
| #define HAVE_PTHREAD 1
| #define HAVE_DECL_STRERROR_R 1
| #define HAVE_STRERROR_R 1
| #define STRERROR_R_CHAR_P 1
| #define HAVE_FUNC_ATTRIBUTE_VISIBILITY 1
| /* end confdefs.h.  */
| 
| int
| main ()
| {
| 
|   ;
|   return 0;
| }
configure:20674: result: no
configure:20682: checking whether the linker accepts -Wl,--nxcompat
configure:20701: g++ -o conftest -g -O2 -Wall -Wextra -Wformat -Wformat-security -Wno-unused-parameter -Wno-self-assign  -DBOOST_SPIRIT_THREADSAFE -DHAVE_BUILD_INFO -D__STDC_FORMAT_MACROS   -Wl,--nxcompat conftest.cpp  >&5
/usr/bin/ld: unrecognized option '--nxcompat'
/usr/bin/ld: use the --help option for usage information
collect2: error: ld returned 1 exit status
configure:20701: $? = 1
configure: failed program was:
| /* confdefs.h */
| #define PACKAGE_NAME "oaccoin Core"
| #define PACKAGE_TARNAME "oaccoin"
| #define PACKAGE_VERSION "0.10.4"
| #define PACKAGE_STRING "oaccoin Core 0.10.4"
| #define PACKAGE_BUGREPORT "info@oaccoin.org"
| #define PACKAGE_URL ""
| #define STDC_HEADERS 1
| #define HAVE_SYS_TYPES_H 1
| #define HAVE_SYS_STAT_H 1
| #define HAVE_STDLIB_H 1
| #define HAVE_STRING_H 1
| #define HAVE_MEMORY_H 1
| #define HAVE_STRINGS_H 1
| #define HAVE_INTTYPES_H 1
| #define HAVE_STDINT_H 1
| #define HAVE_UNISTD_H 1
| #define HAVE_DLFCN_H 1
| #define LT_OBJDIR ".libs/"
| #define HAVE_PTHREAD_PRIO_INHERIT 1
| #define HAVE_PTHREAD 1
| #define HAVE_DECL_STRERROR_R 1
| #define HAVE_STRERROR_R 1
| #define STRERROR_R_CHAR_P 1
| #define HAVE_FUNC_ATTRIBUTE_VISIBILITY 1
| /* end confdefs.h.  */
| 
| int
| main ()
| {
| 
|   ;
|   return 0;
| }
configure:20710: result: no
configure:20718: checking whether the linker accepts -Wl,-z,relro
configure:20737: g++ -o conftest -g -O2 -Wall -Wextra -Wformat -Wformat-security -Wno-unused-parameter -Wno-self-assign  -DBOOST_SPIRIT_THREADSAFE -DHAVE_BUILD_INFO -D__STDC_FORMAT_MACROS   -Wl,-z,relro conftest.cpp  >&5
configure:20737: $? = 0
configure:20746: result: yes
configure:20754: checking whether the linker accepts -Wl,-z,now
configure:20773: g++ -o conftest -g -O2 -Wall -Wextra -Wformat -Wformat-security -Wno-unused-parameter -Wno-self-assign  -DBOOST_SPIRIT_THREADSAFE -DHAVE_BUILD_INFO -D__STDC_FORMAT_MACROS   -Wl,-z,now conftest.cpp  >&5
configure:20773: $? = 0
configure:20782: result: yes
configure:20793: checking whether C++ compiler accepts -fPIE
configure:20812: g++ -c -g -O2 -Wall -Wextra -Wformat -Wformat-security -Wno-unused-parameter -Wno-self-assign  -fPIE  -DBOOST_SPIRIT_THREADSAFE -DHAVE_BUILD_INFO -D__STDC_FORMAT_MACROS conftest.cpp >&5
configure:20812: $? = 0
configure:20820: result: yes
configure:20828: checking whether the linker accepts -pie
configure:20847: g++ -o conftest -g -O2 -Wall -Wextra -Wformat -Wformat-security -Wno-unused-parameter -Wno-self-assign  -DBOOST_SPIRIT_THREADSAFE -DHAVE_BUILD_INFO -D__STDC_FORMAT_MACROS   -pie conftest.cpp  >&5
configure:20847: $? = 0
configure:20856: result: yes
configure:20960: checking endian.h usability
configure:20960: g++ -c -g -O2 -Wall -Wextra -Wformat -Wformat-security -Wno-unused-parameter -Wno-self-assign  -Wstack-protector -fstack-protector-all -fPIE  -DBOOST_SPIRIT_THREADSAFE -DHAVE_BUILD_INFO -D__STDC_FORMAT_MACROS  -U_FORTIFY_SOURCE -D_FORTIFY_SOURCE=2 conftest.cpp >&5
configure:20960: $? = 0
configure:20960: result: yes
configure:20960: checking endian.h presence
configure:20960: g++ -E  -DBOOST_SPIRIT_THREADSAFE -DHAVE_BUILD_INFO -D__STDC_FORMAT_MACROS  -U_FORTIFY_SOURCE -D_FORTIFY_SOURCE=2 conftest.cpp
configure:20960: $? = 0
configure:20960: result: yes
configure:20960: checking for endian.h
configure:20960: result: yes
configure:20960: checking stdio.h usability
configure:20960: g++ -c -g -O2 -Wall -Wextra -Wformat -Wformat-security -Wno-unused-parameter -Wno-self-assign  -Wstack-protector -fstack-protector-all -fPIE  -DBOOST_SPIRIT_THREADSAFE -DHAVE_BUILD_INFO -D__STDC_FORMAT_MACROS  -U_FORTIFY_SOURCE -D_FORTIFY_SOURCE=2 conftest.cpp >&5
configure:20960: $? = 0
configure:20960: result: yes
configure:20960: checking stdio.h presence
configure:20960: g++ -E  -DBOOST_SPIRIT_THREADSAFE -DHAVE_BUILD_INFO -D__STDC_FORMAT_MACROS  -U_FORTIFY_SOURCE -D_FORTIFY_SOURCE=2 conftest.cpp
configure:20960: $? = 0
configure:20960: result: yes
configure:20960: checking for stdio.h
configure:20960: result: yes
configure:20960: checking for stdlib.h
configure:20960: result: yes
configure:20960: checking for unistd.h
configure:20960: result: yes
configure:20960: checking for strings.h
configure:20960: result: yes
configure:20960: checking for sys/types.h
configure:20960: result: yes
configure:20960: checking for sys/stat.h
configure:20960: result: yes
configure:20960: checking sys/select.h usability
configure:20960: g++ -c -g -O2 -Wall -Wextra -Wformat -Wformat-security -Wno-unused-parameter -Wno-self-assign  -Wstack-protector -fstack-protector-all -fPIE  -DBOOST_SPIRIT_THREADSAFE -DHAVE_BUILD_INFO -D__STDC_FORMAT_MACROS  -U_FORTIFY_SOURCE -D_FORTIFY_SOURCE=2 conftest.cpp >&5
configure:20960: $? = 0
configure:20960: result: yes
configure:20960: checking sys/select.h presence
configure:20960: g++ -E  -DBOOST_SPIRIT_THREADSAFE -DHAVE_BUILD_INFO -D__STDC_FORMAT_MACROS  -U_FORTIFY_SOURCE -D_FORTIFY_SOURCE=2 conftest.cpp
configure:20960: $? = 0
configure:20960: result: yes
configure:20960: checking for sys/select.h
configure:20960: result: yes
configure:20960: checking sys/prctl.h usability
configure:20960: g++ -c -g -O2 -Wall -Wextra -Wformat -Wformat-security -Wno-unused-parameter -Wno-self-assign  -Wstack-protector -fstack-protector-all -fPIE  -DBOOST_SPIRIT_THREADSAFE -DHAVE_BUILD_INFO -D__STDC_FORMAT_MACROS  -U_FORTIFY_SOURCE -D_FORTIFY_SOURCE=2 conftest.cpp >&5
configure:20960: $? = 0
configure:20960: result: yes
configure:20960: checking sys/prctl.h presence
configure:20960: g++ -E  -DBOOST_SPIRIT_THREADSAFE -DHAVE_BUILD_INFO -D__STDC_FORMAT_MACROS  -U_FORTIFY_SOURCE -D_FORTIFY_SOURCE=2 conftest.cpp
configure:20960: $? = 0
configure:20960: result: yes
configure:20960: checking for sys/prctl.h
configure:20960: result: yes
configure:20970: checking for library containing getaddrinfo_a
configure:21001: g++ -o conftest -g -O2 -Wall -Wextra -Wformat -Wformat-security -Wno-unused-parameter -Wno-self-assign  -Wstack-protector -fstack-protector-all -fPIE  -DBOOST_SPIRIT_THREADSAFE -DHAVE_BUILD_INFO -D__STDC_FORMAT_MACROS  -U_FORTIFY_SOURCE -D_FORTIFY_SOURCE=2   -Wl,-z,relro -Wl,-z,now -pie conftest.cpp  >&5
/tmp/ccR1KbYf.o: In function `main':
/home/tsinghua-yincheng/桌面/oaccoin/conftest.cpp:47: undefined reference to `getaddrinfo_a'
collect2: error: ld returned 1 exit status
configure:21001: $? = 1
configure: failed program was:
| /* confdefs.h */
| #define PACKAGE_NAME "oaccoin Core"
| #define PACKAGE_TARNAME "oaccoin"
| #define PACKAGE_VERSION "0.10.4"
| #define PACKAGE_STRING "oaccoin Core 0.10.4"
| #define PACKAGE_BUGREPORT "info@oaccoin.org"
| #define PACKAGE_URL ""
| #define STDC_HEADERS 1
| #define HAVE_SYS_TYPES_H 1
| #define HAVE_SYS_STAT_H 1
| #define HAVE_STDLIB_H 1
| #define HAVE_STRING_H 1
| #define HAVE_MEMORY_H 1
| #define HAVE_STRINGS_H 1
| #define HAVE_INTTYPES_H 1
| #define HAVE_STDINT_H 1
| #define HAVE_UNISTD_H 1
| #define HAVE_DLFCN_H 1
| #define LT_OBJDIR ".libs/"
| #define HAVE_PTHREAD_PRIO_INHERIT 1
| #define HAVE_PTHREAD 1
| #define HAVE_DECL_STRERROR_R 1
| #define HAVE_STRERROR_R 1
| #define STRERROR_R_CHAR_P 1
| #define HAVE_FUNC_ATTRIBUTE_VISIBILITY 1
| #define HAVE_ENDIAN_H 1
| #define HAVE_STDIO_H 1
| #define HAVE_STDLIB_H 1
| #define HAVE_UNISTD_H 1
| #define HAVE_STRINGS_H 1
| #define HAVE_SYS_TYPES_H 1
| #define HAVE_SYS_STAT_H 1
| #define HAVE_SYS_SELECT_H 1
| #define HAVE_SYS_PRCTL_H 1
| /* end confdefs.h.  */
| 
| /* Override any GCC internal prototype to avoid an error.
|    Use char because int might match the return type of a GCC
|    builtin and then its argument prototype would still apply.  */
| #ifdef __cplusplus
| extern "C"
| #endif
| char getaddrinfo_a ();
| int
| main ()
| {
| return getaddrinfo_a ();
|   ;
|   return 0;
| }
configure:21001: g++ -o conftest -g -O2 -Wall -Wextra -Wformat -Wformat-security -Wno-unused-parameter -Wno-self-assign  -Wstack-protector -fstack-protector-all -fPIE  -DBOOST_SPIRIT_THREADSAFE -DHAVE_BUILD_INFO -D__STDC_FORMAT_MACROS  -U_FORTIFY_SOURCE -D_FORTIFY_SOURCE=2   -Wl,-z,relro -Wl,-z,now -pie conftest.cpp -lanl   >&5
configure:21001: $? = 0
configure:21018: result: -lanl
configure:21028: checking for library containing inet_pton
configure:21059: g++ -o conftest -g -O2 -Wall -Wextra -Wformat -Wformat-security -Wno-unused-parameter -Wno-self-assign  -Wstack-protector -fstack-protector-all -fPIE  -DBOOST_SPIRIT_THREADSAFE -DHAVE_BUILD_INFO -D__STDC_FORMAT_MACROS  -U_FORTIFY_SOURCE -D_FORTIFY_SOURCE=2   -Wl,-z,relro -Wl,-z,now -pie conftest.cpp -lanl  >&5
configure:21059: $? = 0
configure:21076: result: none required
configure:21087: checking whether strnlen is declared
configure:21087: g++ -c -g -O2 -Wall -Wextra -Wformat -Wformat-security -Wno-unused-parameter -Wno-self-assign  -Wstack-protector -fstack-protector-all -fPIE  -DBOOST_SPIRIT_THREADSAFE -DHAVE_BUILD_INFO -D__STDC_FORMAT_MACROS  -U_FORTIFY_SOURCE -D_FORTIFY_SOURCE=2 conftest.cpp >&5
configure:21087: $? = 0
configure:21087: result: yes
configure:21099: checking whether le32toh is declared
configure:21099: g++ -c -g -O2 -Wall -Wextra -Wformat -Wformat-security -Wno-unused-parameter -Wno-self-assign  -Wstack-protector -fstack-protector-all -fPIE  -DBOOST_SPIRIT_THREADSAFE -DHAVE_BUILD_INFO -D__STDC_FORMAT_MACROS  -U_FORTIFY_SOURCE -D_FORTIFY_SOURCE=2 conftest.cpp >&5
configure:21099: $? = 0
configure:21099: result: yes
configure:21112: checking whether le64toh is declared
configure:21112: g++ -c -g -O2 -Wall -Wextra -Wformat -Wformat-security -Wno-unused-parameter -Wno-self-assign  -Wstack-protector -fstack-protector-all -fPIE  -DBOOST_SPIRIT_THREADSAFE -DHAVE_BUILD_INFO -D__STDC_FORMAT_MACROS  -U_FORTIFY_SOURCE -D_FORTIFY_SOURCE=2 conftest.cpp >&5
configure:21112: $? = 0
configure:21112: result: yes
configure:21125: checking whether htole32 is declared
configure:21125: g++ -c -g -O2 -Wall -Wextra -Wformat -Wformat-security -Wno-unused-parameter -Wno-self-assign  -Wstack-protector -fstack-protector-all -fPIE  -DBOOST_SPIRIT_THREADSAFE -DHAVE_BUILD_INFO -D__STDC_FORMAT_MACROS  -U_FORTIFY_SOURCE -D_FORTIFY_SOURCE=2 conftest.cpp >&5
configure:21125: $? = 0
configure:21125: result: yes
configure:21138: checking whether htole64 is declared
configure:21138: g++ -c -g -O2 -Wall -Wextra -Wformat -Wformat-security -Wno-unused-parameter -Wno-self-assign  -Wstack-protector -fstack-protector-all -fPIE  -DBOOST_SPIRIT_THREADSAFE -DHAVE_BUILD_INFO -D__STDC_FORMAT_MACROS  -U_FORTIFY_SOURCE -D_FORTIFY_SOURCE=2 conftest.cpp >&5
configure:21138: $? = 0
configure:21138: result: yes
configure:21151: checking whether be32toh is declared
configure:21151: g++ -c -g -O2 -Wall -Wextra -Wformat -Wformat-security -Wno-unused-parameter -Wno-self-assign  -Wstack-protector -fstack-protector-all -fPIE  -DBOOST_SPIRIT_THREADSAFE -DHAVE_BUILD_INFO -D__STDC_FORMAT_MACROS  -U_FORTIFY_SOURCE -D_FORTIFY_SOURCE=2 conftest.cpp >&5
configure:21151: $? = 0
configure:21151: result: yes
configure:21164: checking whether be64toh is declared
configure:21164: g++ -c -g -O2 -Wall -Wextra -Wformat -Wformat-security -Wno-unused-parameter -Wno-self-assign  -Wstack-protector -fstack-protector-all -fPIE  -DBOOST_SPIRIT_THREADSAFE -DHAVE_BUILD_INFO -D__STDC_FORMAT_MACROS  -U_FORTIFY_SOURCE -D_FORTIFY_SOURCE=2 conftest.cpp >&5
configure:21164: $? = 0
configure:21164: result: yes
configure:21177: checking whether htobe32 is declared
configure:21177: g++ -c -g -O2 -Wall -Wextra -Wformat -Wformat-security -Wno-unused-parameter -Wno-self-assign  -Wstack-protector -fstack-protector-all -fPIE  -DBOOST_SPIRIT_THREADSAFE -DHAVE_BUILD_INFO -D__STDC_FORMAT_MACROS  -U_FORTIFY_SOURCE -D_FORTIFY_SOURCE=2 conftest.cpp >&5
configure:21177: $? = 0
configure:21177: result: yes
configure:21190: checking whether htobe64 is declared
configure:21190: g++ -c -g -O2 -Wall -Wextra -Wformat -Wformat-security -Wno-unused-parameter -Wno-self-assign  -Wstack-protector -fstack-protector-all -fPIE  -DBOOST_SPIRIT_THREADSAFE -DHAVE_BUILD_INFO -D__STDC_FORMAT_MACROS  -U_FORTIFY_SOURCE -D_FORTIFY_SOURCE=2 conftest.cpp >&5
configure:21190: $? = 0
configure:21190: result: yes
configure:21205: checking for MSG_NOSIGNAL
configure:21218: g++ -c -g -O2 -Wall -Wextra -Wformat -Wformat-security -Wno-unused-parameter -Wno-self-assign  -Wstack-protector -fstack-protector-all -fPIE  -DBOOST_SPIRIT_THREADSAFE -DHAVE_BUILD_INFO -D__STDC_FORMAT_MACROS  -U_FORTIFY_SOURCE -D_FORTIFY_SOURCE=2 conftest.cpp >&5
conftest.cpp: In function 'int main()':
conftest.cpp:51:6: warning: unused variable 'f' [-Wunused-variable]
  int f = MSG_NOSIGNAL;
      ^
At global scope:
cc1plus: warning: unrecognized command line option '-Wno-self-assign'
configure:21218: $? = 0
configure:21219: result: yes
configure:21230: checking for library containing clock_gettime
configure:21261: g++ -o conftest -g -O2 -Wall -Wextra -Wformat -Wformat-security -Wno-unused-parameter -Wno-self-assign  -Wstack-protector -fstack-protector-all -fPIE  -DBOOST_SPIRIT_THREADSAFE -DHAVE_BUILD_INFO -D__STDC_FORMAT_MACROS  -U_FORTIFY_SOURCE -D_FORTIFY_SOURCE=2   -Wl,-z,relro -Wl,-z,now -pie conftest.cpp -lanl  >&5
configure:21261: $? = 0
configure:21278: result: none required
configure:21287: checking for visibility attribute
configure:21296: g++ -o conftest -g -O2 -Wall -Wextra -Wformat -Wformat-security -Wno-unused-parameter -Wno-self-assign  -Wstack-protector -fstack-protector-all -fPIE  -DBOOST_SPIRIT_THREADSAFE -DHAVE_BUILD_INFO -D__STDC_FORMAT_MACROS  -U_FORTIFY_SOURCE -D_FORTIFY_SOURCE=2   -Wl,-z,relro -Wl,-z,now -pie conftest.cpp -lanl  >&5
configure:21296: $? = 0
configure:21301: result: yes
configure:21321: checking whether C++ compiler accepts -fvisibility=hidden
configure:21340: g++ -c -g -O2 -Wall -Wextra -Wformat -Wformat-security -Wno-unused-parameter -Wno-self-assign  -Wstack-protector -fstack-protector-all -fPIE  -fvisibility=hidden  -DBOOST_SPIRIT_THREADSAFE -DHAVE_BUILD_INFO -D__STDC_FORMAT_MACROS  -U_FORTIFY_SOURCE -D_FORTIFY_SOURCE=2 conftest.cpp >&5
configure:21340: $? = 0
configure:21348: result: yes
configure:21382: checking for Berkeley DB C++ headers
configure:21413: g++ -c -g -O2 -Wall -Wextra -Wformat -Wformat-security -Wno-unused-parameter -Wno-self-assign  -Wstack-protector -fstack-protector-all -fPIE  -DBOOST_SPIRIT_THREADSAFE -DHAVE_BUILD_INFO -D__STDC_FORMAT_MACROS  -U_FORTIFY_SOURCE -D_FORTIFY_SOURCE=2 conftest.cpp >&5
conftest.cpp:50:33: fatal error: bdb4.8/db_cxx.h: No such file or directory
compilation terminated.
configure:21413: $? = 1
configure: failed program was:
| /* confdefs.h */
| #define PACKAGE_NAME "oaccoin Core"
| #define PACKAGE_TARNAME "oaccoin"
| #define PACKAGE_VERSION "0.10.4"
| #define PACKAGE_STRING "oaccoin Core 0.10.4"
| #define PACKAGE_BUGREPORT "info@oaccoin.org"
| #define PACKAGE_URL ""
| #define STDC_HEADERS 1
| #define HAVE_SYS_TYPES_H 1
| #define HAVE_SYS_STAT_H 1
| #define HAVE_STDLIB_H 1
| #define HAVE_STRING_H 1
| #define HAVE_MEMORY_H 1
| #define HAVE_STRINGS_H 1
| #define HAVE_INTTYPES_H 1
| #define HAVE_STDINT_H 1
| #define HAVE_UNISTD_H 1
| #define HAVE_DLFCN_H 1
| #define LT_OBJDIR ".libs/"
| #define HAVE_PTHREAD_PRIO_INHERIT 1
| #define HAVE_PTHREAD 1
| #define HAVE_DECL_STRERROR_R 1
| #define HAVE_STRERROR_R 1
| #define STRERROR_R_CHAR_P 1
| #define HAVE_FUNC_ATTRIBUTE_VISIBILITY 1
| #define HAVE_ENDIAN_H 1
| #define HAVE_STDIO_H 1
| #define HAVE_STDLIB_H 1
| #define HAVE_UNISTD_H 1
| #define HAVE_STRINGS_H 1
| #define HAVE_SYS_TYPES_H 1
| #define HAVE_SYS_STAT_H 1
| #define HAVE_SYS_SELECT_H 1
| #define HAVE_SYS_PRCTL_H 1
| #define HAVE_GETADDRINFO_A 1
| #define HAVE_INET_PTON 1
| #define HAVE_DECL_STRNLEN 1
| #define HAVE_DECL_LE32TOH 1
| #define HAVE_DECL_LE64TOH 1
| #define HAVE_DECL_HTOLE32 1
| #define HAVE_DECL_HTOLE64 1
| #define HAVE_DECL_BE32TOH 1
| #define HAVE_DECL_BE64TOH 1
| #define HAVE_DECL_HTOBE32 1
| #define HAVE_DECL_HTOBE64 1
| #define HAVE_MSG_NOSIGNAL 1
| #define HAVE_VISIBILITY_ATTRIBUTE 1
| /* end confdefs.h.  */
| 
|       #include <bdb4.8/db_cxx.h>
| 
| int
| main ()
| {
| 
|       #if !((DB_VERSION_MAJOR == 4 && DB_VERSION_MINOR >= 8) || DB_VERSION_MAJOR > 4)
|         #error "failed to find bdb 4.8+"
|       #endif
| 
|   ;
|   return 0;
| }
configure:21413: g++ -c -g -O2 -Wall -Wextra -Wformat -Wformat-security -Wno-unused-parameter -Wno-self-assign  -Wstack-protector -fstack-protector-all -fPIE  -DBOOST_SPIRIT_THREADSAFE -DHAVE_BUILD_INFO -D__STDC_FORMAT_MACROS  -U_FORTIFY_SOURCE -D_FORTIFY_SOURCE=2 conftest.cpp >&5
conftest.cpp:50:35: fatal error: libdb4.8/db_cxx.h: No such file or directory
compilation terminated.
configure:21413: $? = 1
configure: failed program was:
| /* confdefs.h */
| #define PACKAGE_NAME "oaccoin Core"
| #define PACKAGE_TARNAME "oaccoin"
| #define PACKAGE_VERSION "0.10.4"
| #define PACKAGE_STRING "oaccoin Core 0.10.4"
| #define PACKAGE_BUGREPORT "info@oaccoin.org"
| #define PACKAGE_URL ""
| #define STDC_HEADERS 1
| #define HAVE_SYS_TYPES_H 1
| #define HAVE_SYS_STAT_H 1
| #define HAVE_STDLIB_H 1
| #define HAVE_STRING_H 1
| #define HAVE_MEMORY_H 1
| #define HAVE_STRINGS_H 1
| #define HAVE_INTTYPES_H 1
| #define HAVE_STDINT_H 1
| #define HAVE_UNISTD_H 1
| #define HAVE_DLFCN_H 1
| #define LT_OBJDIR ".libs/"
| #define HAVE_PTHREAD_PRIO_INHERIT 1
| #define HAVE_PTHREAD 1
| #define HAVE_DECL_STRERROR_R 1
| #define HAVE_STRERROR_R 1
| #define STRERROR_R_CHAR_P 1
| #define HAVE_FUNC_ATTRIBUTE_VISIBILITY 1
| #define HAVE_ENDIAN_H 1
| #define HAVE_STDIO_H 1
| #define HAVE_STDLIB_H 1
| #define HAVE_UNISTD_H 1
| #define HAVE_STRINGS_H 1
| #define HAVE_SYS_TYPES_H 1
| #define HAVE_SYS_STAT_H 1
| #define HAVE_SYS_SELECT_H 1
| #define HAVE_SYS_PRCTL_H 1
| #define HAVE_GETADDRINFO_A 1
| #define HAVE_INET_PTON 1
| #define HAVE_DECL_STRNLEN 1
| #define HAVE_DECL_LE32TOH 1
| #define HAVE_DECL_LE64TOH 1
| #define HAVE_DECL_HTOLE32 1
| #define HAVE_DECL_HTOLE64 1
| #define HAVE_DECL_BE32TOH 1
| #define HAVE_DECL_BE64TOH 1
| #define HAVE_DECL_HTOBE32 1
| #define HAVE_DECL_HTOBE64 1
| #define HAVE_MSG_NOSIGNAL 1
| #define HAVE_VISIBILITY_ATTRIBUTE 1
| /* end confdefs.h.  */
| 
|       #include <libdb4.8/db_cxx.h>
| 
| int
| main ()
| {
| 
|       #if !((DB_VERSION_MAJOR == 4 && DB_VERSION_MINOR >= 8) || DB_VERSION_MAJOR > 4)
|         #error "failed to find bdb 4.8+"
|       #endif
| 
|   ;
|   return 0;
| }
configure:21413: g++ -c -g -O2 -Wall -Wextra -Wformat -Wformat-security -Wno-unused-parameter -Wno-self-assign  -Wstack-protector -fstack-protector-all -fPIE  -DBOOST_SPIRIT_THREADSAFE -DHAVE_BUILD_INFO -D__STDC_FORMAT_MACROS  -U_FORTIFY_SOURCE -D_FORTIFY_SOURCE=2 conftest.cpp >&5
conftest.cpp:50:32: fatal error: db4.8/db_cxx.h: No such file or directory
compilation terminated.
configure:21413: $? = 1
configure: failed program was:
| /* confdefs.h */
| #define PACKAGE_NAME "oaccoin Core"
| #define PACKAGE_TARNAME "oaccoin"
| #define PACKAGE_VERSION "0.10.4"
| #define PACKAGE_STRING "oaccoin Core 0.10.4"
| #define PACKAGE_BUGREPORT "info@oaccoin.org"
| #define PACKAGE_URL ""
| #define STDC_HEADERS 1
| #define HAVE_SYS_TYPES_H 1
| #define HAVE_SYS_STAT_H 1
| #define HAVE_STDLIB_H 1
| #define HAVE_STRING_H 1
| #define HAVE_MEMORY_H 1
| #define HAVE_STRINGS_H 1
| #define HAVE_INTTYPES_H 1
| #define HAVE_STDINT_H 1
| #define HAVE_UNISTD_H 1
| #define HAVE_DLFCN_H 1
| #define LT_OBJDIR ".libs/"
| #define HAVE_PTHREAD_PRIO_INHERIT 1
| #define HAVE_PTHREAD 1
| #define HAVE_DECL_STRERROR_R 1
| #define HAVE_STRERROR_R 1
| #define STRERROR_R_CHAR_P 1
| #define HAVE_FUNC_ATTRIBUTE_VISIBILITY 1
| #define HAVE_ENDIAN_H 1
| #define HAVE_STDIO_H 1
| #define HAVE_STDLIB_H 1
| #define HAVE_UNISTD_H 1
| #define HAVE_STRINGS_H 1
| #define HAVE_SYS_TYPES_H 1
| #define HAVE_SYS_STAT_H 1
| #define HAVE_SYS_SELECT_H 1
| #define HAVE_SYS_PRCTL_H 1
| #define HAVE_GETADDRINFO_A 1
| #define HAVE_INET_PTON 1
| #define HAVE_DECL_STRNLEN 1
| #define HAVE_DECL_LE32TOH 1
| #define HAVE_DECL_LE64TOH 1
| #define HAVE_DECL_HTOLE32 1
| #define HAVE_DECL_HTOLE64 1
| #define HAVE_DECL_BE32TOH 1
| #define HAVE_DECL_BE64TOH 1
| #define HAVE_DECL_HTOBE32 1
| #define HAVE_DECL_HTOBE64 1
| #define HAVE_MSG_NOSIGNAL 1
| #define HAVE_VISIBILITY_ATTRIBUTE 1
| /* end confdefs.h.  */
| 
|       #include <db4.8/db_cxx.h>
| 
| int
| main ()
| {
| 
|       #if !((DB_VERSION_MAJOR == 4 && DB_VERSION_MINOR >= 8) || DB_VERSION_MAJOR > 4)
|         #error "failed to find bdb 4.8+"
|       #endif
| 
|   ;
|   return 0;
| }
configure:21413: g++ -c -g -O2 -Wall -Wextra -Wformat -Wformat-security -Wno-unused-parameter -Wno-self-assign  -Wstack-protector -fstack-protector-all -fPIE  -DBOOST_SPIRIT_THREADSAFE -DHAVE_BUILD_INFO -D__STDC_FORMAT_MACROS  -U_FORTIFY_SOURCE -D_FORTIFY_SOURCE=2 conftest.cpp >&5
conftest.cpp:50:32: fatal error: bdb48/db_cxx.h: No such file or directory
compilation terminated.
configure:21413: $? = 1
configure: failed program was:
| /* confdefs.h */
| #define PACKAGE_NAME "oaccoin Core"
| #define PACKAGE_TARNAME "oaccoin"
| #define PACKAGE_VERSION "0.10.4"
| #define PACKAGE_STRING "oaccoin Core 0.10.4"
| #define PACKAGE_BUGREPORT "info@oaccoin.org"
| #define PACKAGE_URL ""
| #define STDC_HEADERS 1
| #define HAVE_SYS_TYPES_H 1
| #define HAVE_SYS_STAT_H 1
| #define HAVE_STDLIB_H 1
| #define HAVE_STRING_H 1
| #define HAVE_MEMORY_H 1
| #define HAVE_STRINGS_H 1
| #define HAVE_INTTYPES_H 1
| #define HAVE_STDINT_H 1
| #define HAVE_UNISTD_H 1
| #define HAVE_DLFCN_H 1
| #define LT_OBJDIR ".libs/"
| #define HAVE_PTHREAD_PRIO_INHERIT 1
| #define HAVE_PTHREAD 1
| #define HAVE_DECL_STRERROR_R 1
| #define HAVE_STRERROR_R 1
| #define STRERROR_R_CHAR_P 1
| #define HAVE_FUNC_ATTRIBUTE_VISIBILITY 1
| #define HAVE_ENDIAN_H 1
| #define HAVE_STDIO_H 1
| #define HAVE_STDLIB_H 1
| #define HAVE_UNISTD_H 1
| #define HAVE_STRINGS_H 1
| #define HAVE_SYS_TYPES_H 1
| #define HAVE_SYS_STAT_H 1
| #define HAVE_SYS_SELECT_H 1
| #define HAVE_SYS_PRCTL_H 1
| #define HAVE_GETADDRINFO_A 1
| #define HAVE_INET_PTON 1
| #define HAVE_DECL_STRNLEN 1
| #define HAVE_DECL_LE32TOH 1
| #define HAVE_DECL_LE64TOH 1
| #define HAVE_DECL_HTOLE32 1
| #define HAVE_DECL_HTOLE64 1
| #define HAVE_DECL_BE32TOH 1
| #define HAVE_DECL_BE64TOH 1
| #define HAVE_DECL_HTOBE32 1
| #define HAVE_DECL_HTOBE64 1
| #define HAVE_MSG_NOSIGNAL 1
| #define HAVE_VISIBILITY_ATTRIBUTE 1
| /* end confdefs.h.  */
| 
|       #include <bdb48/db_cxx.h>
| 
| int
| main ()
| {
| 
|       #if !((DB_VERSION_MAJOR == 4 && DB_VERSION_MINOR >= 8) || DB_VERSION_MAJOR > 4)
|         #error "failed to find bdb 4.8+"
|       #endif
| 
|   ;
|   return 0;
| }
configure:21413: g++ -c -g -O2 -Wall -Wextra -Wformat -Wformat-security -Wno-unused-parameter -Wno-self-assign  -Wstack-protector -fstack-protector-all -fPIE  -DBOOST_SPIRIT_THREADSAFE -DHAVE_BUILD_INFO -D__STDC_FORMAT_MACROS  -U_FORTIFY_SOURCE -D_FORTIFY_SOURCE=2 conftest.cpp >&5
conftest.cpp:50:34: fatal error: libdb48/db_cxx.h: No such file or directory
compilation terminated.
configure:21413: $? = 1
configure: failed program was:
| /* confdefs.h */
| #define PACKAGE_NAME "oaccoin Core"
| #define PACKAGE_TARNAME "oaccoin"
| #define PACKAGE_VERSION "0.10.4"
| #define PACKAGE_STRING "oaccoin Core 0.10.4"
| #define PACKAGE_BUGREPORT "info@oaccoin.org"
| #define PACKAGE_URL ""
| #define STDC_HEADERS 1
| #define HAVE_SYS_TYPES_H 1
| #define HAVE_SYS_STAT_H 1
| #define HAVE_STDLIB_H 1
| #define HAVE_STRING_H 1
| #define HAVE_MEMORY_H 1
| #define HAVE_STRINGS_H 1
| #define HAVE_INTTYPES_H 1
| #define HAVE_STDINT_H 1
| #define HAVE_UNISTD_H 1
| #define HAVE_DLFCN_H 1
| #define LT_OBJDIR ".libs/"
| #define HAVE_PTHREAD_PRIO_INHERIT 1
| #define HAVE_PTHREAD 1
| #define HAVE_DECL_STRERROR_R 1
| #define HAVE_STRERROR_R 1
| #define STRERROR_R_CHAR_P 1
| #define HAVE_FUNC_ATTRIBUTE_VISIBILITY 1
| #define HAVE_ENDIAN_H 1
| #define HAVE_STDIO_H 1
| #define HAVE_STDLIB_H 1
| #define HAVE_UNISTD_H 1
| #define HAVE_STRINGS_H 1
| #define HAVE_SYS_TYPES_H 1
| #define HAVE_SYS_STAT_H 1
| #define HAVE_SYS_SELECT_H 1
| #define HAVE_SYS_PRCTL_H 1
| #define HAVE_GETADDRINFO_A 1
| #define HAVE_INET_PTON 1
| #define HAVE_DECL_STRNLEN 1
| #define HAVE_DECL_LE32TOH 1
| #define HAVE_DECL_LE64TOH 1
| #define HAVE_DECL_HTOLE32 1
| #define HAVE_DECL_HTOLE64 1
| #define HAVE_DECL_BE32TOH 1
| #define HAVE_DECL_BE64TOH 1
| #define HAVE_DECL_HTOBE32 1
| #define HAVE_DECL_HTOBE64 1
| #define HAVE_MSG_NOSIGNAL 1
| #define HAVE_VISIBILITY_ATTRIBUTE 1
| /* end confdefs.h.  */
| 
|       #include <libdb48/db_cxx.h>
| 
| int
| main ()
| {
| 
|       #if !((DB_VERSION_MAJOR == 4 && DB_VERSION_MINOR >= 8) || DB_VERSION_MAJOR > 4)
|         #error "failed to find bdb 4.8+"
|       #endif
| 
|   ;
|   return 0;
| }
configure:21413: g++ -c -g -O2 -Wall -Wextra -Wformat -Wformat-security -Wno-unused-parameter -Wno-self-assign  -Wstack-protector -fstack-protector-all -fPIE  -DBOOST_SPIRIT_THREADSAFE -DHAVE_BUILD_INFO -D__STDC_FORMAT_MACROS  -U_FORTIFY_SOURCE -D_FORTIFY_SOURCE=2 conftest.cpp >&5
conftest.cpp:50:31: fatal error: db48/db_cxx.h: No such file or directory
compilation terminated.
configure:21413: $? = 1
configure: failed program was:
| /* confdefs.h */
| #define PACKAGE_NAME "oaccoin Core"
| #define PACKAGE_TARNAME "oaccoin"
| #define PACKAGE_VERSION "0.10.4"
| #define PACKAGE_STRING "oaccoin Core 0.10.4"
| #define PACKAGE_BUGREPORT "info@oaccoin.org"
| #define PACKAGE_URL ""
| #define STDC_HEADERS 1
| #define HAVE_SYS_TYPES_H 1
| #define HAVE_SYS_STAT_H 1
| #define HAVE_STDLIB_H 1
| #define HAVE_STRING_H 1
| #define HAVE_MEMORY_H 1
| #define HAVE_STRINGS_H 1
| #define HAVE_INTTYPES_H 1
| #define HAVE_STDINT_H 1
| #define HAVE_UNISTD_H 1
| #define HAVE_DLFCN_H 1
| #define LT_OBJDIR ".libs/"
| #define HAVE_PTHREAD_PRIO_INHERIT 1
| #define HAVE_PTHREAD 1
| #define HAVE_DECL_STRERROR_R 1
| #define HAVE_STRERROR_R 1
| #define STRERROR_R_CHAR_P 1
| #define HAVE_FUNC_ATTRIBUTE_VISIBILITY 1
| #define HAVE_ENDIAN_H 1
| #define HAVE_STDIO_H 1
| #define HAVE_STDLIB_H 1
| #define HAVE_UNISTD_H 1
| #define HAVE_STRINGS_H 1
| #define HAVE_SYS_TYPES_H 1
| #define HAVE_SYS_STAT_H 1
| #define HAVE_SYS_SELECT_H 1
| #define HAVE_SYS_PRCTL_H 1
| #define HAVE_GETADDRINFO_A 1
| #define HAVE_INET_PTON 1
| #define HAVE_DECL_STRNLEN 1
| #define HAVE_DECL_LE32TOH 1
| #define HAVE_DECL_LE64TOH 1
| #define HAVE_DECL_HTOLE32 1
| #define HAVE_DECL_HTOLE64 1
| #define HAVE_DECL_BE32TOH 1
| #define HAVE_DECL_BE64TOH 1
| #define HAVE_DECL_HTOBE32 1
| #define HAVE_DECL_HTOBE64 1
| #define HAVE_MSG_NOSIGNAL 1
| #define HAVE_VISIBILITY_ATTRIBUTE 1
| /* end confdefs.h.  */
| 
|       #include <db48/db_cxx.h>
| 
| int
| main ()
| {
| 
|       #if !((DB_VERSION_MAJOR == 4 && DB_VERSION_MINOR >= 8) || DB_VERSION_MAJOR > 4)
|         #error "failed to find bdb 4.8+"
|       #endif
| 
|   ;
|   return 0;
| }
configure:21413: g++ -c -g -O2 -Wall -Wextra -Wformat -Wformat-security -Wno-unused-parameter -Wno-self-assign  -Wstack-protector -fstack-protector-all -fPIE  -DBOOST_SPIRIT_THREADSAFE -DHAVE_BUILD_INFO -D__STDC_FORMAT_MACROS  -U_FORTIFY_SOURCE -D_FORTIFY_SOURCE=2 conftest.cpp >&5
conftest.cpp:50:31: fatal error: bdb4/db_cxx.h: No such file or directory
compilation terminated.
configure:21413: $? = 1
configure: failed program was:
| /* confdefs.h */
| #define PACKAGE_NAME "oaccoin Core"
| #define PACKAGE_TARNAME "oaccoin"
| #define PACKAGE_VERSION "0.10.4"
| #define PACKAGE_STRING "oaccoin Core 0.10.4"
| #define PACKAGE_BUGREPORT "info@oaccoin.org"
| #define PACKAGE_URL ""
| #define STDC_HEADERS 1
| #define HAVE_SYS_TYPES_H 1
| #define HAVE_SYS_STAT_H 1
| #define HAVE_STDLIB_H 1
| #define HAVE_STRING_H 1
| #define HAVE_MEMORY_H 1
| #define HAVE_STRINGS_H 1
| #define HAVE_INTTYPES_H 1
| #define HAVE_STDINT_H 1
| #define HAVE_UNISTD_H 1
| #define HAVE_DLFCN_H 1
| #define LT_OBJDIR ".libs/"
| #define HAVE_PTHREAD_PRIO_INHERIT 1
| #define HAVE_PTHREAD 1
| #define HAVE_DECL_STRERROR_R 1
| #define HAVE_STRERROR_R 1
| #define STRERROR_R_CHAR_P 1
| #define HAVE_FUNC_ATTRIBUTE_VISIBILITY 1
| #define HAVE_ENDIAN_H 1
| #define HAVE_STDIO_H 1
| #define HAVE_STDLIB_H 1
| #define HAVE_UNISTD_H 1
| #define HAVE_STRINGS_H 1
| #define HAVE_SYS_TYPES_H 1
| #define HAVE_SYS_STAT_H 1
| #define HAVE_SYS_SELECT_H 1
| #define HAVE_SYS_PRCTL_H 1
| #define HAVE_GETADDRINFO_A 1
| #define HAVE_INET_PTON 1
| #define HAVE_DECL_STRNLEN 1
| #define HAVE_DECL_LE32TOH 1
| #define HAVE_DECL_LE64TOH 1
| #define HAVE_DECL_HTOLE32 1
| #define HAVE_DECL_HTOLE64 1
| #define HAVE_DECL_BE32TOH 1
| #define HAVE_DECL_BE64TOH 1
| #define HAVE_DECL_HTOBE32 1
| #define HAVE_DECL_HTOBE64 1
| #define HAVE_MSG_NOSIGNAL 1
| #define HAVE_VISIBILITY_ATTRIBUTE 1
| /* end confdefs.h.  */
| 
|       #include <bdb4/db_cxx.h>
| 
| int
| main ()
| {
| 
|       #if !((DB_VERSION_MAJOR == 4 && DB_VERSION_MINOR >= 8) || DB_VERSION_MAJOR > 4)
|         #error "failed to find bdb 4.8+"
|       #endif
| 
|   ;
|   return 0;
| }
configure:21413: g++ -c -g -O2 -Wall -Wextra -Wformat -Wformat-security -Wno-unused-parameter -Wno-self-assign  -Wstack-protector -fstack-protector-all -fPIE  -DBOOST_SPIRIT_THREADSAFE -DHAVE_BUILD_INFO -D__STDC_FORMAT_MACROS  -U_FORTIFY_SOURCE -D_FORTIFY_SOURCE=2 conftest.cpp >&5
conftest.cpp:50:33: fatal error: libdb4/db_cxx.h: No such file or directory
compilation terminated.
configure:21413: $? = 1
configure: failed program was:
| /* confdefs.h */
| #define PACKAGE_NAME "oaccoin Core"
| #define PACKAGE_TARNAME "oaccoin"
| #define PACKAGE_VERSION "0.10.4"
| #define PACKAGE_STRING "oaccoin Core 0.10.4"
| #define PACKAGE_BUGREPORT "info@oaccoin.org"
| #define PACKAGE_URL ""
| #define STDC_HEADERS 1
| #define HAVE_SYS_TYPES_H 1
| #define HAVE_SYS_STAT_H 1
| #define HAVE_STDLIB_H 1
| #define HAVE_STRING_H 1
| #define HAVE_MEMORY_H 1
| #define HAVE_STRINGS_H 1
| #define HAVE_INTTYPES_H 1
| #define HAVE_STDINT_H 1
| #define HAVE_UNISTD_H 1
| #define HAVE_DLFCN_H 1
| #define LT_OBJDIR ".libs/"
| #define HAVE_PTHREAD_PRIO_INHERIT 1
| #define HAVE_PTHREAD 1
| #define HAVE_DECL_STRERROR_R 1
| #define HAVE_STRERROR_R 1
| #define STRERROR_R_CHAR_P 1
| #define HAVE_FUNC_ATTRIBUTE_VISIBILITY 1
| #define HAVE_ENDIAN_H 1
| #define HAVE_STDIO_H 1
| #define HAVE_STDLIB_H 1
| #define HAVE_UNISTD_H 1
| #define HAVE_STRINGS_H 1
| #define HAVE_SYS_TYPES_H 1
| #define HAVE_SYS_STAT_H 1
| #define HAVE_SYS_SELECT_H 1
| #define HAVE_SYS_PRCTL_H 1
| #define HAVE_GETADDRINFO_A 1
| #define HAVE_INET_PTON 1
| #define HAVE_DECL_STRNLEN 1
| #define HAVE_DECL_LE32TOH 1
| #define HAVE_DECL_LE64TOH 1
| #define HAVE_DECL_HTOLE32 1
| #define HAVE_DECL_HTOLE64 1
| #define HAVE_DECL_BE32TOH 1
| #define HAVE_DECL_BE64TOH 1
| #define HAVE_DECL_HTOBE32 1
| #define HAVE_DECL_HTOBE64 1
| #define HAVE_MSG_NOSIGNAL 1
| #define HAVE_VISIBILITY_ATTRIBUTE 1
| /* end confdefs.h.  */
| 
|       #include <libdb4/db_cxx.h>
| 
| int
| main ()
| {
| 
|       #if !((DB_VERSION_MAJOR == 4 && DB_VERSION_MINOR >= 8) || DB_VERSION_MAJOR > 4)
|         #error "failed to find bdb 4.8+"
|       #endif
| 
|   ;
|   return 0;
| }
configure:21413: g++ -c -g -O2 -Wall -Wextra -Wformat -Wformat-security -Wno-unused-parameter -Wno-self-assign  -Wstack-protector -fstack-protector-all -fPIE  -DBOOST_SPIRIT_THREADSAFE -DHAVE_BUILD_INFO -D__STDC_FORMAT_MACROS  -U_FORTIFY_SOURCE -D_FORTIFY_SOURCE=2 conftest.cpp >&5
conftest.cpp:50:30: fatal error: db4/db_cxx.h: No such file or directory
compilation terminated.
configure:21413: $? = 1
configure: failed program was:
| /* confdefs.h */
| #define PACKAGE_NAME "oaccoin Core"
| #define PACKAGE_TARNAME "oaccoin"
| #define PACKAGE_VERSION "0.10.4"
| #define PACKAGE_STRING "oaccoin Core 0.10.4"
| #define PACKAGE_BUGREPORT "info@oaccoin.org"
| #define PACKAGE_URL ""
| #define STDC_HEADERS 1
| #define HAVE_SYS_TYPES_H 1
| #define HAVE_SYS_STAT_H 1
| #define HAVE_STDLIB_H 1
| #define HAVE_STRING_H 1
| #define HAVE_MEMORY_H 1
| #define HAVE_STRINGS_H 1
| #define HAVE_INTTYPES_H 1
| #define HAVE_STDINT_H 1
| #define HAVE_UNISTD_H 1
| #define HAVE_DLFCN_H 1
| #define LT_OBJDIR ".libs/"
| #define HAVE_PTHREAD_PRIO_INHERIT 1
| #define HAVE_PTHREAD 1
| #define HAVE_DECL_STRERROR_R 1
| #define HAVE_STRERROR_R 1
| #define STRERROR_R_CHAR_P 1
| #define HAVE_FUNC_ATTRIBUTE_VISIBILITY 1
| #define HAVE_ENDIAN_H 1
| #define HAVE_STDIO_H 1
| #define HAVE_STDLIB_H 1
| #define HAVE_UNISTD_H 1
| #define HAVE_STRINGS_H 1
| #define HAVE_SYS_TYPES_H 1
| #define HAVE_SYS_STAT_H 1
| #define HAVE_SYS_SELECT_H 1
| #define HAVE_SYS_PRCTL_H 1
| #define HAVE_GETADDRINFO_A 1
| #define HAVE_INET_PTON 1
| #define HAVE_DECL_STRNLEN 1
| #define HAVE_DECL_LE32TOH 1
| #define HAVE_DECL_LE64TOH 1
| #define HAVE_DECL_HTOLE32 1
| #define HAVE_DECL_HTOLE64 1
| #define HAVE_DECL_BE32TOH 1
| #define HAVE_DECL_BE64TOH 1
| #define HAVE_DECL_HTOBE32 1
| #define HAVE_DECL_HTOBE64 1
| #define HAVE_MSG_NOSIGNAL 1
| #define HAVE_VISIBILITY_ATTRIBUTE 1
| /* end confdefs.h.  */
| 
|       #include <db4/db_cxx.h>
| 
| int
| main ()
| {
| 
|       #if !((DB_VERSION_MAJOR == 4 && DB_VERSION_MINOR >= 8) || DB_VERSION_MAJOR > 4)
|         #error "failed to find bdb 4.8+"
|       #endif
| 
|   ;
|   return 0;
| }
configure:21413: g++ -c -g -O2 -Wall -Wextra -Wformat -Wformat-security -Wno-unused-parameter -Wno-self-assign  -Wstack-protector -fstack-protector-all -fPIE  -DBOOST_SPIRIT_THREADSAFE -DHAVE_BUILD_INFO -D__STDC_FORMAT_MACROS  -U_FORTIFY_SOURCE -D_FORTIFY_SOURCE=2 conftest.cpp >&5
conftest.cpp:50:31: fatal error: bdb5/db_cxx.h: No such file or directory
compilation terminated.
configure:21413: $? = 1
configure: failed program was:
| /* confdefs.h */
| #define PACKAGE_NAME "oaccoin Core"
| #define PACKAGE_TARNAME "oaccoin"
| #define PACKAGE_VERSION "0.10.4"
| #define PACKAGE_STRING "oaccoin Core 0.10.4"
| #define PACKAGE_BUGREPORT "info@oaccoin.org"
| #define PACKAGE_URL ""
| #define STDC_HEADERS 1
| #define HAVE_SYS_TYPES_H 1
| #define HAVE_SYS_STAT_H 1
| #define HAVE_STDLIB_H 1
| #define HAVE_STRING_H 1
| #define HAVE_MEMORY_H 1
| #define HAVE_STRINGS_H 1
| #define HAVE_INTTYPES_H 1
| #define HAVE_STDINT_H 1
| #define HAVE_UNISTD_H 1
| #define HAVE_DLFCN_H 1
| #define LT_OBJDIR ".libs/"
| #define HAVE_PTHREAD_PRIO_INHERIT 1
| #define HAVE_PTHREAD 1
| #define HAVE_DECL_STRERROR_R 1
| #define HAVE_STRERROR_R 1
| #define STRERROR_R_CHAR_P 1
| #define HAVE_FUNC_ATTRIBUTE_VISIBILITY 1
| #define HAVE_ENDIAN_H 1
| #define HAVE_STDIO_H 1
| #define HAVE_STDLIB_H 1
| #define HAVE_UNISTD_H 1
| #define HAVE_STRINGS_H 1
| #define HAVE_SYS_TYPES_H 1
| #define HAVE_SYS_STAT_H 1
| #define HAVE_SYS_SELECT_H 1
| #define HAVE_SYS_PRCTL_H 1
| #define HAVE_GETADDRINFO_A 1
| #define HAVE_INET_PTON 1
| #define HAVE_DECL_STRNLEN 1
| #define HAVE_DECL_LE32TOH 1
| #define HAVE_DECL_LE64TOH 1
| #define HAVE_DECL_HTOLE32 1
| #define HAVE_DECL_HTOLE64 1
| #define HAVE_DECL_BE32TOH 1
| #define HAVE_DECL_BE64TOH 1
| #define HAVE_DECL_HTOBE32 1
| #define HAVE_DECL_HTOBE64 1
| #define HAVE_MSG_NOSIGNAL 1
| #define HAVE_VISIBILITY_ATTRIBUTE 1
| /* end confdefs.h.  */
| 
|       #include <bdb5/db_cxx.h>
| 
| int
| main ()
| {
| 
|       #if !((DB_VERSION_MAJOR == 4 && DB_VERSION_MINOR >= 8) || DB_VERSION_MAJOR > 4)
|         #error "failed to find bdb 4.8+"
|       #endif
| 
|   ;
|   return 0;
| }
configure:21413: g++ -c -g -O2 -Wall -Wextra -Wformat -Wformat-security -Wno-unused-parameter -Wno-self-assign  -Wstack-protector -fstack-protector-all -fPIE  -DBOOST_SPIRIT_THREADSAFE -DHAVE_BUILD_INFO -D__STDC_FORMAT_MACROS  -U_FORTIFY_SOURCE -D_FORTIFY_SOURCE=2 conftest.cpp >&5
conftest.cpp:50:33: fatal error: libdb5/db_cxx.h: No such file or directory
compilation terminated.
configure:21413: $? = 1
configure: failed program was:
| /* confdefs.h */
| #define PACKAGE_NAME "oaccoin Core"
| #define PACKAGE_TARNAME "oaccoin"
| #define PACKAGE_VERSION "0.10.4"
| #define PACKAGE_STRING "oaccoin Core 0.10.4"
| #define PACKAGE_BUGREPORT "info@oaccoin.org"
| #define PACKAGE_URL ""
| #define STDC_HEADERS 1
| #define HAVE_SYS_TYPES_H 1
| #define HAVE_SYS_STAT_H 1
| #define HAVE_STDLIB_H 1
| #define HAVE_STRING_H 1
| #define HAVE_MEMORY_H 1
| #define HAVE_STRINGS_H 1
| #define HAVE_INTTYPES_H 1
| #define HAVE_STDINT_H 1
| #define HAVE_UNISTD_H 1
| #define HAVE_DLFCN_H 1
| #define LT_OBJDIR ".libs/"
| #define HAVE_PTHREAD_PRIO_INHERIT 1
| #define HAVE_PTHREAD 1
| #define HAVE_DECL_STRERROR_R 1
| #define HAVE_STRERROR_R 1
| #define STRERROR_R_CHAR_P 1
| #define HAVE_FUNC_ATTRIBUTE_VISIBILITY 1
| #define HAVE_ENDIAN_H 1
| #define HAVE_STDIO_H 1
| #define HAVE_STDLIB_H 1
| #define HAVE_UNISTD_H 1
| #define HAVE_STRINGS_H 1
| #define HAVE_SYS_TYPES_H 1
| #define HAVE_SYS_STAT_H 1
| #define HAVE_SYS_SELECT_H 1
| #define HAVE_SYS_PRCTL_H 1
| #define HAVE_GETADDRINFO_A 1
| #define HAVE_INET_PTON 1
| #define HAVE_DECL_STRNLEN 1
| #define HAVE_DECL_LE32TOH 1
| #define HAVE_DECL_LE64TOH 1
| #define HAVE_DECL_HTOLE32 1
| #define HAVE_DECL_HTOLE64 1
| #define HAVE_DECL_BE32TOH 1
| #define HAVE_DECL_BE64TOH 1
| #define HAVE_DECL_HTOBE32 1
| #define HAVE_DECL_HTOBE64 1
| #define HAVE_MSG_NOSIGNAL 1
| #define HAVE_VISIBILITY_ATTRIBUTE 1
| /* end confdefs.h.  */
| 
|       #include <libdb5/db_cxx.h>
| 
| int
| main ()
| {
| 
|       #if !((DB_VERSION_MAJOR == 4 && DB_VERSION_MINOR >= 8) || DB_VERSION_MAJOR > 4)
|         #error "failed to find bdb 4.8+"
|       #endif
| 
|   ;
|   return 0;
| }
configure:21413: g++ -c -g -O2 -Wall -Wextra -Wformat -Wformat-security -Wno-unused-parameter -Wno-self-assign  -Wstack-protector -fstack-protector-all -fPIE  -DBOOST_SPIRIT_THREADSAFE -DHAVE_BUILD_INFO -D__STDC_FORMAT_MACROS  -U_FORTIFY_SOURCE -D_FORTIFY_SOURCE=2 conftest.cpp >&5
conftest.cpp:50:30: fatal error: db5/db_cxx.h: No such file or directory
compilation terminated.
configure:21413: $? = 1
configure: failed program was:
| /* confdefs.h */
| #define PACKAGE_NAME "oaccoin Core"
| #define PACKAGE_TARNAME "oaccoin"
| #define PACKAGE_VERSION "0.10.4"
| #define PACKAGE_STRING "oaccoin Core 0.10.4"
| #define PACKAGE_BUGREPORT "info@oaccoin.org"
| #define PACKAGE_URL ""
| #define STDC_HEADERS 1
| #define HAVE_SYS_TYPES_H 1
| #define HAVE_SYS_STAT_H 1
| #define HAVE_STDLIB_H 1
| #define HAVE_STRING_H 1
| #define HAVE_MEMORY_H 1
| #define HAVE_STRINGS_H 1
| #define HAVE_INTTYPES_H 1
| #define HAVE_STDINT_H 1
| #define HAVE_UNISTD_H 1
| #define HAVE_DLFCN_H 1
| #define LT_OBJDIR ".libs/"
| #define HAVE_PTHREAD_PRIO_INHERIT 1
| #define HAVE_PTHREAD 1
| #define HAVE_DECL_STRERROR_R 1
| #define HAVE_STRERROR_R 1
| #define STRERROR_R_CHAR_P 1
| #define HAVE_FUNC_ATTRIBUTE_VISIBILITY 1
| #define HAVE_ENDIAN_H 1
| #define HAVE_STDIO_H 1
| #define HAVE_STDLIB_H 1
| #define HAVE_UNISTD_H 1
| #define HAVE_STRINGS_H 1
| #define HAVE_SYS_TYPES_H 1
| #define HAVE_SYS_STAT_H 1
| #define HAVE_SYS_SELECT_H 1
| #define HAVE_SYS_PRCTL_H 1
| #define HAVE_GETADDRINFO_A 1
| #define HAVE_INET_PTON 1
| #define HAVE_DECL_STRNLEN 1
| #define HAVE_DECL_LE32TOH 1
| #define HAVE_DECL_LE64TOH 1
| #define HAVE_DECL_HTOLE32 1
| #define HAVE_DECL_HTOLE64 1
| #define HAVE_DECL_BE32TOH 1
| #define HAVE_DECL_BE64TOH 1
| #define HAVE_DECL_HTOBE32 1
| #define HAVE_DECL_HTOBE64 1
| #define HAVE_MSG_NOSIGNAL 1
| #define HAVE_VISIBILITY_ATTRIBUTE 1
| /* end confdefs.h.  */
| 
|       #include <db5/db_cxx.h>
| 
| int
| main ()
| {
| 
|       #if !((DB_VERSION_MAJOR == 4 && DB_VERSION_MINOR >= 8) || DB_VERSION_MAJOR > 4)
|         #error "failed to find bdb 4.8+"
|       #endif
| 
|   ;
|   return 0;
| }
configure:21413: g++ -c -g -O2 -Wall -Wextra -Wformat -Wformat-security -Wno-unused-parameter -Wno-self-assign  -Wstack-protector -fstack-protector-all -fPIE  -DBOOST_SPIRIT_THREADSAFE -DHAVE_BUILD_INFO -D__STDC_FORMAT_MACROS  -U_FORTIFY_SOURCE -D_FORTIFY_SOURCE=2 conftest.cpp >&5
conftest.cpp:50:30: fatal error: bdb/db_cxx.h: No such file or directory
compilation terminated.
configure:21413: $? = 1
configure: failed program was:
| /* confdefs.h */
| #define PACKAGE_NAME "oaccoin Core"
| #define PACKAGE_TARNAME "oaccoin"
| #define PACKAGE_VERSION "0.10.4"
| #define PACKAGE_STRING "oaccoin Core 0.10.4"
| #define PACKAGE_BUGREPORT "info@oaccoin.org"
| #define PACKAGE_URL ""
| #define STDC_HEADERS 1
| #define HAVE_SYS_TYPES_H 1
| #define HAVE_SYS_STAT_H 1
| #define HAVE_STDLIB_H 1
| #define HAVE_STRING_H 1
| #define HAVE_MEMORY_H 1
| #define HAVE_STRINGS_H 1
| #define HAVE_INTTYPES_H 1
| #define HAVE_STDINT_H 1
| #define HAVE_UNISTD_H 1
| #define HAVE_DLFCN_H 1
| #define LT_OBJDIR ".libs/"
| #define HAVE_PTHREAD_PRIO_INHERIT 1
| #define HAVE_PTHREAD 1
| #define HAVE_DECL_STRERROR_R 1
| #define HAVE_STRERROR_R 1
| #define STRERROR_R_CHAR_P 1
| #define HAVE_FUNC_ATTRIBUTE_VISIBILITY 1
| #define HAVE_ENDIAN_H 1
| #define HAVE_STDIO_H 1
| #define HAVE_STDLIB_H 1
| #define HAVE_UNISTD_H 1
| #define HAVE_STRINGS_H 1
| #define HAVE_SYS_TYPES_H 1
| #define HAVE_SYS_STAT_H 1
| #define HAVE_SYS_SELECT_H 1
| #define HAVE_SYS_PRCTL_H 1
| #define HAVE_GETADDRINFO_A 1
| #define HAVE_INET_PTON 1
| #define HAVE_DECL_STRNLEN 1
| #define HAVE_DECL_LE32TOH 1
| #define HAVE_DECL_LE64TOH 1
| #define HAVE_DECL_HTOLE32 1
| #define HAVE_DECL_HTOLE64 1
| #define HAVE_DECL_BE32TOH 1
| #define HAVE_DECL_BE64TOH 1
| #define HAVE_DECL_HTOBE32 1
| #define HAVE_DECL_HTOBE64 1
| #define HAVE_MSG_NOSIGNAL 1
| #define HAVE_VISIBILITY_ATTRIBUTE 1
| /* end confdefs.h.  */
| 
|       #include <bdb/db_cxx.h>
| 
| int
| main ()
| {
| 
|       #if !((DB_VERSION_MAJOR == 4 && DB_VERSION_MINOR >= 8) || DB_VERSION_MAJOR > 4)
|         #error "failed to find bdb 4.8+"
|       #endif
| 
|   ;
|   return 0;
| }
configure:21413: g++ -c -g -O2 -Wall -Wextra -Wformat -Wformat-security -Wno-unused-parameter -Wno-self-assign  -Wstack-protector -fstack-protector-all -fPIE  -DBOOST_SPIRIT_THREADSAFE -DHAVE_BUILD_INFO -D__STDC_FORMAT_MACROS  -U_FORTIFY_SOURCE -D_FORTIFY_SOURCE=2 conftest.cpp >&5
conftest.cpp:50:32: fatal error: libdb/db_cxx.h: No such file or directory
compilation terminated.
configure:21413: $? = 1
configure: failed program was:
| /* confdefs.h */
| #define PACKAGE_NAME "oaccoin Core"
| #define PACKAGE_TARNAME "oaccoin"
| #define PACKAGE_VERSION "0.10.4"
| #define PACKAGE_STRING "oaccoin Core 0.10.4"
| #define PACKAGE_BUGREPORT "info@oaccoin.org"
| #define PACKAGE_URL ""
| #define STDC_HEADERS 1
| #define HAVE_SYS_TYPES_H 1
| #define HAVE_SYS_STAT_H 1
| #define HAVE_STDLIB_H 1
| #define HAVE_STRING_H 1
| #define HAVE_MEMORY_H 1
| #define HAVE_STRINGS_H 1
| #define HAVE_INTTYPES_H 1
| #define HAVE_STDINT_H 1
| #define HAVE_UNISTD_H 1
| #define HAVE_DLFCN_H 1
| #define LT_OBJDIR ".libs/"
| #define HAVE_PTHREAD_PRIO_INHERIT 1
| #define HAVE_PTHREAD 1
| #define HAVE_DECL_STRERROR_R 1
| #define HAVE_STRERROR_R 1
| #define STRERROR_R_CHAR_P 1
| #define HAVE_FUNC_ATTRIBUTE_VISIBILITY 1
| #define HAVE_ENDIAN_H 1
| #define HAVE_STDIO_H 1
| #define HAVE_STDLIB_H 1
| #define HAVE_UNISTD_H 1
| #define HAVE_STRINGS_H 1
| #define HAVE_SYS_TYPES_H 1
| #define HAVE_SYS_STAT_H 1
| #define HAVE_SYS_SELECT_H 1
| #define HAVE_SYS_PRCTL_H 1
| #define HAVE_GETADDRINFO_A 1
| #define HAVE_INET_PTON 1
| #define HAVE_DECL_STRNLEN 1
| #define HAVE_DECL_LE32TOH 1
| #define HAVE_DECL_LE64TOH 1
| #define HAVE_DECL_HTOLE32 1
| #define HAVE_DECL_HTOLE64 1
| #define HAVE_DECL_BE32TOH 1
| #define HAVE_DECL_BE64TOH 1
| #define HAVE_DECL_HTOBE32 1
| #define HAVE_DECL_HTOBE64 1
| #define HAVE_MSG_NOSIGNAL 1
| #define HAVE_VISIBILITY_ATTRIBUTE 1
| /* end confdefs.h.  */
| 
|       #include <libdb/db_cxx.h>
| 
| int
| main ()
| {
| 
|       #if !((DB_VERSION_MAJOR == 4 && DB_VERSION_MINOR >= 8) || DB_VERSION_MAJOR > 4)
|         #error "failed to find bdb 4.8+"
|       #endif
| 
|   ;
|   return 0;
| }
configure:21413: g++ -c -g -O2 -Wall -Wextra -Wformat -Wformat-security -Wno-unused-parameter -Wno-self-assign  -Wstack-protector -fstack-protector-all -fPIE  -DBOOST_SPIRIT_THREADSAFE -DHAVE_BUILD_INFO -D__STDC_FORMAT_MACROS  -U_FORTIFY_SOURCE -D_FORTIFY_SOURCE=2 conftest.cpp >&5
conftest.cpp:50:29: fatal error: db/db_cxx.h: No such file or directory
compilation terminated.
configure:21413: $? = 1
configure: failed program was:
| /* confdefs.h */
| #define PACKAGE_NAME "oaccoin Core"
| #define PACKAGE_TARNAME "oaccoin"
| #define PACKAGE_VERSION "0.10.4"
| #define PACKAGE_STRING "oaccoin Core 0.10.4"
| #define PACKAGE_BUGREPORT "info@oaccoin.org"
| #define PACKAGE_URL ""
| #define STDC_HEADERS 1
| #define HAVE_SYS_TYPES_H 1
| #define HAVE_SYS_STAT_H 1
| #define HAVE_STDLIB_H 1
| #define HAVE_STRING_H 1
| #define HAVE_MEMORY_H 1
| #define HAVE_STRINGS_H 1
| #define HAVE_INTTYPES_H 1
| #define HAVE_STDINT_H 1
| #define HAVE_UNISTD_H 1
| #define HAVE_DLFCN_H 1
| #define LT_OBJDIR ".libs/"
| #define HAVE_PTHREAD_PRIO_INHERIT 1
| #define HAVE_PTHREAD 1
| #define HAVE_DECL_STRERROR_R 1
| #define HAVE_STRERROR_R 1
| #define STRERROR_R_CHAR_P 1
| #define HAVE_FUNC_ATTRIBUTE_VISIBILITY 1
| #define HAVE_ENDIAN_H 1
| #define HAVE_STDIO_H 1
| #define HAVE_STDLIB_H 1
| #define HAVE_UNISTD_H 1
| #define HAVE_STRINGS_H 1
| #define HAVE_SYS_TYPES_H 1
| #define HAVE_SYS_STAT_H 1
| #define HAVE_SYS_SELECT_H 1
| #define HAVE_SYS_PRCTL_H 1
| #define HAVE_GETADDRINFO_A 1
| #define HAVE_INET_PTON 1
| #define HAVE_DECL_STRNLEN 1
| #define HAVE_DECL_LE32TOH 1
| #define HAVE_DECL_LE64TOH 1
| #define HAVE_DECL_HTOLE32 1
| #define HAVE_DECL_HTOLE64 1
| #define HAVE_DECL_BE32TOH 1
| #define HAVE_DECL_BE64TOH 1
| #define HAVE_DECL_HTOBE32 1
| #define HAVE_DECL_HTOBE64 1
| #define HAVE_MSG_NOSIGNAL 1
| #define HAVE_VISIBILITY_ATTRIBUTE 1
| /* end confdefs.h.  */
| 
|       #include <db/db_cxx.h>
| 
| int
| main ()
| {
| 
|       #if !((DB_VERSION_MAJOR == 4 && DB_VERSION_MINOR >= 8) || DB_VERSION_MAJOR > 4)
|         #error "failed to find bdb 4.8+"
|       #endif
| 
|   ;
|   return 0;
| }
configure:21413: g++ -c -g -O2 -Wall -Wextra -Wformat -Wformat-security -Wno-unused-parameter -Wno-self-assign  -Wstack-protector -fstack-protector-all -fPIE  -DBOOST_SPIRIT_THREADSAFE -DHAVE_BUILD_INFO -D__STDC_FORMAT_MACROS  -U_FORTIFY_SOURCE -D_FORTIFY_SOURCE=2 conftest.cpp >&5
configure:21413: $? = 0
configure:21442: g++ -c -g -O2 -Wall -Wextra -Wformat -Wformat-security -Wno-unused-parameter -Wno-self-assign  -Wstack-protector -fstack-protector-all -fPIE  -DBOOST_SPIRIT_THREADSAFE -DHAVE_BUILD_INFO -D__STDC_FORMAT_MACROS  -U_FORTIFY_SOURCE -D_FORTIFY_SOURCE=2 conftest.cpp >&5
conftest.cpp:57:10: error: #error "failed to find bdb 4.8"
         #error "failed to find bdb 4.8"
          ^
cc1plus: warning: unrecognized command line option '-Wno-self-assign'
configure:21442: $? = 1
configure: failed program was:
| /* confdefs.h */
| #define PACKAGE_NAME "oaccoin Core"
| #define PACKAGE_TARNAME "oaccoin"
| #define PACKAGE_VERSION "0.10.4"
| #define PACKAGE_STRING "oaccoin Core 0.10.4"
| #define PACKAGE_BUGREPORT "info@oaccoin.org"
| #define PACKAGE_URL ""
| #define STDC_HEADERS 1
| #define HAVE_SYS_TYPES_H 1
| #define HAVE_SYS_STAT_H 1
| #define HAVE_STDLIB_H 1
| #define HAVE_STRING_H 1
| #define HAVE_MEMORY_H 1
| #define HAVE_STRINGS_H 1
| #define HAVE_INTTYPES_H 1
| #define HAVE_STDINT_H 1
| #define HAVE_UNISTD_H 1
| #define HAVE_DLFCN_H 1
| #define LT_OBJDIR ".libs/"
| #define HAVE_PTHREAD_PRIO_INHERIT 1
| #define HAVE_PTHREAD 1
| #define HAVE_DECL_STRERROR_R 1
| #define HAVE_STRERROR_R 1
| #define STRERROR_R_CHAR_P 1
| #define HAVE_FUNC_ATTRIBUTE_VISIBILITY 1
| #define HAVE_ENDIAN_H 1
| #define HAVE_STDIO_H 1
| #define HAVE_STDLIB_H 1
| #define HAVE_UNISTD_H 1
| #define HAVE_STRINGS_H 1
| #define HAVE_SYS_TYPES_H 1
| #define HAVE_SYS_STAT_H 1
| #define HAVE_SYS_SELECT_H 1
| #define HAVE_SYS_PRCTL_H 1
| #define HAVE_GETADDRINFO_A 1
| #define HAVE_INET_PTON 1
| #define HAVE_DECL_STRNLEN 1
| #define HAVE_DECL_LE32TOH 1
| #define HAVE_DECL_LE64TOH 1
| #define HAVE_DECL_HTOLE32 1
| #define HAVE_DECL_HTOLE64 1
| #define HAVE_DECL_BE32TOH 1
| #define HAVE_DECL_BE64TOH 1
| #define HAVE_DECL_HTOBE32 1
| #define HAVE_DECL_HTOBE64 1
| #define HAVE_MSG_NOSIGNAL 1
| #define HAVE_VISIBILITY_ATTRIBUTE 1
| /* end confdefs.h.  */
| 
|       #include <db_cxx.h>
| 
| int
| main ()
| {
| 
|       #if !(DB_VERSION_MAJOR == 4 && DB_VERSION_MINOR == 8)
|         #error "failed to find bdb 4.8"
|       #endif
| 
|   ;
|   return 0;
| }
configure:21457: result: default
configure:21473: WARNING: Found Berkeley DB other than 4.8; wallets opened by this build will not be portable!
configure:21504: checking for main in -ldb_cxx-4.8
configure:21523: g++ -o conftest -g -O2 -Wall -Wextra -Wformat -Wformat-security -Wno-unused-parameter -Wno-self-assign  -Wstack-protector -fstack-protector-all -fPIE  -DBOOST_SPIRIT_THREADSAFE -DHAVE_BUILD_INFO -D__STDC_FORMAT_MACROS  -U_FORTIFY_SOURCE -D_FORTIFY_SOURCE=2   -Wl,-z,relro -Wl,-z,now -pie conftest.cpp -ldb_cxx-4.8  -lanl  >&5
/usr/bin/ld: cannot find -ldb_cxx-4.8
collect2: error: ld returned 1 exit status
configure:21523: $? = 1
configure: failed program was:
| /* confdefs.h */
| #define PACKAGE_NAME "oaccoin Core"
| #define PACKAGE_TARNAME "oaccoin"
| #define PACKAGE_VERSION "0.10.4"
| #define PACKAGE_STRING "oaccoin Core 0.10.4"
| #define PACKAGE_BUGREPORT "info@oaccoin.org"
| #define PACKAGE_URL ""
| #define STDC_HEADERS 1
| #define HAVE_SYS_TYPES_H 1
| #define HAVE_SYS_STAT_H 1
| #define HAVE_STDLIB_H 1
| #define HAVE_STRING_H 1
| #define HAVE_MEMORY_H 1
| #define HAVE_STRINGS_H 1
| #define HAVE_INTTYPES_H 1
| #define HAVE_STDINT_H 1
| #define HAVE_UNISTD_H 1
| #define HAVE_DLFCN_H 1
| #define LT_OBJDIR ".libs/"
| #define HAVE_PTHREAD_PRIO_INHERIT 1
| #define HAVE_PTHREAD 1
| #define HAVE_DECL_STRERROR_R 1
| #define HAVE_STRERROR_R 1
| #define STRERROR_R_CHAR_P 1
| #define HAVE_FUNC_ATTRIBUTE_VISIBILITY 1
| #define HAVE_ENDIAN_H 1
| #define HAVE_STDIO_H 1
| #define HAVE_STDLIB_H 1
| #define HAVE_UNISTD_H 1
| #define HAVE_STRINGS_H 1
| #define HAVE_SYS_TYPES_H 1
| #define HAVE_SYS_STAT_H 1
| #define HAVE_SYS_SELECT_H 1
| #define HAVE_SYS_PRCTL_H 1
| #define HAVE_GETADDRINFO_A 1
| #define HAVE_INET_PTON 1
| #define HAVE_DECL_STRNLEN 1
| #define HAVE_DECL_LE32TOH 1
| #define HAVE_DECL_LE64TOH 1
| #define HAVE_DECL_HTOLE32 1
| #define HAVE_DECL_HTOLE64 1
| #define HAVE_DECL_BE32TOH 1
| #define HAVE_DECL_BE64TOH 1
| #define HAVE_DECL_HTOBE32 1
| #define HAVE_DECL_HTOBE64 1
| #define HAVE_MSG_NOSIGNAL 1
| #define HAVE_VISIBILITY_ATTRIBUTE 1
| /* end confdefs.h.  */
| 
| 
| int
| main ()
| {
| return main ();
|   ;
|   return 0;
| }
configure:21533: result: no
configure:21504: checking for main in -ldb_cxx
configure:21523: g++ -o conftest -g -O2 -Wall -Wextra -Wformat -Wformat-security -Wno-unused-parameter -Wno-self-assign  -Wstack-protector -fstack-protector-all -fPIE  -DBOOST_SPIRIT_THREADSAFE -DHAVE_BUILD_INFO -D__STDC_FORMAT_MACROS  -U_FORTIFY_SOURCE -D_FORTIFY_SOURCE=2   -Wl,-z,relro -Wl,-z,now -pie conftest.cpp -ldb_cxx  -lanl  >&5
configure:21523: $? = 0
configure:21533: result: yes
configure:21554: checking miniupnpc/miniwget.h usability
configure:21554: g++ -c -g -O2 -Wall -Wextra -Wformat -Wformat-security -Wno-unused-parameter -Wno-self-assign  -Wstack-protector -fstack-protector-all -fPIE  -DBOOST_SPIRIT_THREADSAFE -DHAVE_BUILD_INFO -D__STDC_FORMAT_MACROS  -U_FORTIFY_SOURCE -D_FORTIFY_SOURCE=2 conftest.cpp >&5
configure:21554: $? = 0
configure:21554: result: yes
configure:21554: checking miniupnpc/miniwget.h presence
configure:21554: g++ -E  -DBOOST_SPIRIT_THREADSAFE -DHAVE_BUILD_INFO -D__STDC_FORMAT_MACROS  -U_FORTIFY_SOURCE -D_FORTIFY_SOURCE=2 conftest.cpp
configure:21554: $? = 0
configure:21554: result: yes
configure:21554: checking for miniupnpc/miniwget.h
configure:21554: result: yes
configure:21559: checking for main in -lminiupnpc
configure:21578: g++ -o conftest -g -O2 -Wall -Wextra -Wformat -Wformat-security -Wno-unused-parameter -Wno-self-assign  -Wstack-protector -fstack-protector-all -fPIE  -DBOOST_SPIRIT_THREADSAFE -DHAVE_BUILD_INFO -D__STDC_FORMAT_MACROS  -U_FORTIFY_SOURCE -D_FORTIFY_SOURCE=2   -Wl,-z,relro -Wl,-z,now -pie conftest.cpp -lminiupnpc  -lanl  >&5
configure:21578: $? = 0
configure:21587: result: yes
configure:21554: checking miniupnpc/miniupnpc.h usability
configure:21554: g++ -c -g -O2 -Wall -Wextra -Wformat -Wformat-security -Wno-unused-parameter -Wno-self-assign  -Wstack-protector -fstack-protector-all -fPIE  -DBOOST_SPIRIT_THREADSAFE -DHAVE_BUILD_INFO -D__STDC_FORMAT_MACROS  -U_FORTIFY_SOURCE -D_FORTIFY_SOURCE=2 conftest.cpp >&5
configure:21554: $? = 0
configure:21554: result: yes
configure:21554: checking miniupnpc/miniupnpc.h presence
configure:21554: g++ -E  -DBOOST_SPIRIT_THREADSAFE -DHAVE_BUILD_INFO -D__STDC_FORMAT_MACROS  -U_FORTIFY_SOURCE -D_FORTIFY_SOURCE=2 conftest.cpp
configure:21554: $? = 0
configure:21554: result: yes
configure:21554: checking for miniupnpc/miniupnpc.h
configure:21554: result: yes
configure:21559: checking for main in -lminiupnpc
configure:21587: result: yes
configure:21554: checking miniupnpc/upnpcommands.h usability
configure:21554: g++ -c -g -O2 -Wall -Wextra -Wformat -Wformat-security -Wno-unused-parameter -Wno-self-assign  -Wstack-protector -fstack-protector-all -fPIE  -DBOOST_SPIRIT_THREADSAFE -DHAVE_BUILD_INFO -D__STDC_FORMAT_MACROS  -U_FORTIFY_SOURCE -D_FORTIFY_SOURCE=2 conftest.cpp >&5
configure:21554: $? = 0
configure:21554: result: yes
configure:21554: checking miniupnpc/upnpcommands.h presence
configure:21554: g++ -E  -DBOOST_SPIRIT_THREADSAFE -DHAVE_BUILD_INFO -D__STDC_FORMAT_MACROS  -U_FORTIFY_SOURCE -D_FORTIFY_SOURCE=2 conftest.cpp
configure:21554: $? = 0
configure:21554: result: yes
configure:21554: checking for miniupnpc/upnpcommands.h
configure:21554: result: yes
configure:21559: checking for main in -lminiupnpc
configure:21587: result: yes
configure:21554: checking miniupnpc/upnperrors.h usability
configure:21554: g++ -c -g -O2 -Wall -Wextra -Wformat -Wformat-security -Wno-unused-parameter -Wno-self-assign  -Wstack-protector -fstack-protector-all -fPIE  -DBOOST_SPIRIT_THREADSAFE -DHAVE_BUILD_INFO -D__STDC_FORMAT_MACROS  -U_FORTIFY_SOURCE -D_FORTIFY_SOURCE=2 conftest.cpp >&5
configure:21554: $? = 0
configure:21554: result: yes
configure:21554: checking miniupnpc/upnperrors.h presence
configure:21554: g++ -E  -DBOOST_SPIRIT_THREADSAFE -DHAVE_BUILD_INFO -D__STDC_FORMAT_MACROS  -U_FORTIFY_SOURCE -D_FORTIFY_SOURCE=2 conftest.cpp
configure:21554: $? = 0
configure:21554: result: yes
configure:21554: checking for miniupnpc/upnperrors.h
configure:21554: result: yes
configure:21559: checking for main in -lminiupnpc
configure:21587: result: yes
configure:21769: checking for QT
configure:21776: $PKG_CONFIG --exists --print-errors "$qt4_modules"
configure:21779: $? = 0
configure:21793: $PKG_CONFIG --exists --print-errors "$qt4_modules"
configure:21796: $? = 0
configure:21834: result: yes
configure:22013: checking for QT_TEST
configure:22020: $PKG_CONFIG --exists --print-errors "${QT_LIB_PREFIX}Test"
configure:22023: $? = 0
configure:22037: $PKG_CONFIG --exists --print-errors "${QT_LIB_PREFIX}Test"
configure:22040: $? = 0
configure:22078: result: yes
configure:22085: checking for QT_DBUS
configure:22092: $PKG_CONFIG --exists --print-errors "${QT_LIB_PREFIX}DBus"
configure:22095: $? = 0
configure:22109: $PKG_CONFIG --exists --print-errors "${QT_LIB_PREFIX}DBus"
configure:22112: $? = 0
configure:22150: result: yes
configure:23651: checking for moc-qt4
configure:23669: found /usr/bin/moc-qt4
configure:23681: result: /usr/bin/moc-qt4
configure:23769: checking for uic-qt4
configure:23787: found /usr/bin/uic-qt4
configure:23799: result: /usr/bin/uic-qt4
configure:23887: checking for rcc-qt4
configure:23920: result: no
configure:23887: checking for rcc4
configure:23920: result: no
configure:23887: checking for rcc
configure:23905: found /usr/bin/rcc
configure:23917: result: /usr/bin/rcc
configure:24005: checking for lrelease-qt4
configure:24023: found /usr/bin/lrelease-qt4
configure:24035: result: /usr/bin/lrelease-qt4
configure:24123: checking for lupdate-qt4
configure:24141: found /usr/bin/lupdate-qt4
configure:24153: result: /usr/bin/lupdate-qt4
configure:24291: checking whether to build oaccoin Core GUI
configure:24321: result: yes (Qt4)
configure:24392: checking for boostlib >= 1.20.0
configure:24477: g++ -c -g -O2 -Wall -Wextra -Wformat -Wformat-security -Wno-unused-parameter -Wno-self-assign  -Wstack-protector -fstack-protector-all -fPIE  -DBOOST_SPIRIT_THREADSAFE -DHAVE_BUILD_INFO -D__STDC_FORMAT_MACROS  -U_FORTIFY_SOURCE -D_FORTIFY_SOURCE=2 -I/usr/include conftest.cpp >&5
configure:24477: $? = 0
configure:24479: result: yes
configure:24663: checking whether the Boost::System library is available
configure:24687: g++ -c -g -O2 -Wall -Wextra -Wformat -Wformat-security -Wno-unused-parameter -Wno-self-assign  -Wstack-protector -fstack-protector-all -fPIE  -DBOOST_SPIRIT_THREADSAFE -DHAVE_BUILD_INFO -D__STDC_FORMAT_MACROS  -U_FORTIFY_SOURCE -D_FORTIFY_SOURCE=2 -I/usr/include conftest.cpp >&5
conftest.cpp: In function 'int main()':
conftest.cpp:59:3: warning: statement is a reference, not call, to function 'boost::system::system_category' [-Waddress]
   ;
   ^
conftest.cpp:59:3: warning: statement has no effect [-Wunused-value]
At global scope:
cc1plus: warning: unrecognized command line option '-Wno-self-assign'
configure:24687: $? = 0
configure:24702: result: yes
configure:24718: checking for exit in -lboost_system
configure:24743: g++ -o conftest -g -O2 -Wall -Wextra -Wformat -Wformat-security -Wno-unused-parameter -Wno-self-assign  -Wstack-protector -fstack-protector-all -fPIE  -DBOOST_SPIRIT_THREADSAFE -DHAVE_BUILD_INFO -D__STDC_FORMAT_MACROS  -U_FORTIFY_SOURCE -D_FORTIFY_SOURCE=2 -I/usr/include   -Wl,-z,relro -Wl,-z,now -pie -L/usr/lib/x86_64-linux-gnu conftest.cpp -lboost_system  -lanl  >&5
configure:24743: $? = 0
configure:24753: result: yes
configure:24908: checking whether the Boost::Filesystem library is available
configure:24932: g++ -c -g -O2 -Wall -Wextra -Wformat -Wformat-security -Wno-unused-parameter -Wno-self-assign  -Wstack-protector -fstack-protector-all -fPIE  -DBOOST_SPIRIT_THREADSAFE -DHAVE_BUILD_INFO -D__STDC_FORMAT_MACROS  -U_FORTIFY_SOURCE -D_FORTIFY_SOURCE=2 -I/usr/include conftest.cpp >&5
configure:24932: $? = 0
configure:24946: result: yes
configure:24958: checking for exit in -lboost_filesystem
configure:24983: g++ -o conftest -g -O2 -Wall -Wextra -Wformat -Wformat-security -Wno-unused-parameter -Wno-self-assign  -Wstack-protector -fstack-protector-all -fPIE  -DBOOST_SPIRIT_THREADSAFE -DHAVE_BUILD_INFO -D__STDC_FORMAT_MACROS  -U_FORTIFY_SOURCE -D_FORTIFY_SOURCE=2 -I/usr/include   -Wl,-z,relro -Wl,-z,now -pie -L/usr/lib/x86_64-linux-gnu conftest.cpp -lboost_filesystem  -lanl  -lboost_system >&5
configure:24983: $? = 0
configure:24993: result: yes
configure:25143: checking whether the Boost::Program_Options library is available
configure:25167: g++ -c -g -O2 -Wall -Wextra -Wformat -Wformat-security -Wno-unused-parameter -Wno-self-assign  -Wstack-protector -fstack-protector-all -fPIE  -DBOOST_SPIRIT_THREADSAFE -DHAVE_BUILD_INFO -D__STDC_FORMAT_MACROS  -U_FORTIFY_SOURCE -D_FORTIFY_SOURCE=2 -I/usr/include conftest.cpp >&5
configure:25167: $? = 0
configure:25181: result: yes
configure:25193: checking for exit in -lboost_program_options
configure:25218: g++ -o conftest -g -O2 -Wall -Wextra -Wformat -Wformat-security -Wno-unused-parameter -Wno-self-assign  -Wstack-protector -fstack-protector-all -fPIE  -DBOOST_SPIRIT_THREADSAFE -DHAVE_BUILD_INFO -D__STDC_FORMAT_MACROS  -U_FORTIFY_SOURCE -D_FORTIFY_SOURCE=2 -I/usr/include   -Wl,-z,relro -Wl,-z,now -pie -L/usr/lib/x86_64-linux-gnu conftest.cpp -lboost_program_options  -lanl  >&5
configure:25218: $? = 0
configure:25228: result: yes
configure:25371: checking whether the Boost::Thread library is available
configure:25403: g++ -c -pthread -g -O2 -Wall -Wextra -Wformat -Wformat-security -Wno-unused-parameter -Wno-self-assign  -Wstack-protector -fstack-protector-all -fPIE  -DBOOST_SPIRIT_THREADSAFE -DHAVE_BUILD_INFO -D__STDC_FORMAT_MACROS  -U_FORTIFY_SOURCE -D_FORTIFY_SOURCE=2 -I/usr/include conftest.cpp >&5
configure:25403: $? = 0
configure:25418: result: yes
configure:25448: checking for exit in -lboost_thread
configure:25473: g++ -o conftest -g -O2 -Wall -Wextra -Wformat -Wformat-security -Wno-unused-parameter -Wno-self-assign  -Wstack-protector -fstack-protector-all -fPIE  -DBOOST_SPIRIT_THREADSAFE -DHAVE_BUILD_INFO -D__STDC_FORMAT_MACROS  -U_FORTIFY_SOURCE -D_FORTIFY_SOURCE=2 -I/usr/include   -Wl,-z,relro -Wl,-z,now -pie -L/usr/lib/x86_64-linux-gnu conftest.cpp -lboost_thread  -lanl  >&5
configure:25473: $? = 0
configure:25483: result: yes
configure:25643: checking whether the Boost::Chrono library is available
configure:25667: g++ -c -g -O2 -Wall -Wextra -Wformat -Wformat-security -Wno-unused-parameter -Wno-self-assign  -Wstack-protector -fstack-protector-all -fPIE  -DBOOST_SPIRIT_THREADSAFE -DHAVE_BUILD_INFO -D__STDC_FORMAT_MACROS  -U_FORTIFY_SOURCE -D_FORTIFY_SOURCE=2 -pthread -I/usr/include conftest.cpp >&5
configure:25667: $? = 0
configure:25682: result: yes
configure:25698: checking for exit in -lboost_chrono
configure:25723: g++ -o conftest -g -O2 -Wall -Wextra -Wformat -Wformat-security -Wno-unused-parameter -Wno-self-assign  -Wstack-protector -fstack-protector-all -fPIE  -DBOOST_SPIRIT_THREADSAFE -DHAVE_BUILD_INFO -D__STDC_FORMAT_MACROS  -U_FORTIFY_SOURCE -D_FORTIFY_SOURCE=2 -pthread -I/usr/include   -Wl,-z,relro -Wl,-z,now -pie -L/usr/lib/x86_64-linux-gnu conftest.cpp -lboost_chrono  -lanl  >&5
configure:25723: $? = 0
configure:25733: result: yes
configure:25856: checking for working boost reduced exports
configure:25879: g++ -E -pthread -I/usr/include  -DBOOST_SPIRIT_THREADSAFE -DHAVE_BUILD_INFO -D__STDC_FORMAT_MACROS  -U_FORTIFY_SOURCE -D_FORTIFY_SOURCE=2 conftest.cpp
configure:25879: $? = 0
configure:25881: result: yes
configure:25909: checking whether the linker accepts -Wl,--exclude-libs,ALL
configure:25928: g++ -o conftest -g -O2 -Wall -Wextra -Wformat -Wformat-security -Wno-unused-parameter -Wno-self-assign  -Wstack-protector -fstack-protector-all -fPIE -fvisibility=hidden  -DBOOST_SPIRIT_THREADSAFE -DHAVE_BUILD_INFO -D__STDC_FORMAT_MACROS  -U_FORTIFY_SOURCE -D_FORTIFY_SOURCE=2   -Wl,-z,relro -Wl,-z,now -pie  -Wl,--exclude-libs,ALL conftest.cpp -lanl  >&5
configure:25928: $? = 0
configure:25937: result: yes
configure:25987: checking whether the Boost::Unit_Test_Framework library is available
configure:26010: g++ -c -g -O2 -Wall -Wextra -Wformat -Wformat-security -Wno-unused-parameter -Wno-self-assign  -Wstack-protector -fstack-protector-all -fPIE -fvisibility=hidden  -DBOOST_SPIRIT_THREADSAFE -DHAVE_BUILD_INFO -D__STDC_FORMAT_MACROS  -U_FORTIFY_SOURCE -D_FORTIFY_SOURCE=2 -pthread -I/usr/include conftest.cpp >&5
conftest.cpp: In function 'int main()':
conftest.cpp:64:21: warning: unused variable 'test' [-Wunused-variable]
         test_suite* test= BOOST_TEST_SUITE( "Unit test example 1" ); return 0;
                     ^
At global scope:
cc1plus: warning: unrecognized command line option '-Wno-self-assign'
configure:26010: $? = 0
configure:26024: result: yes
configure:26136: checking for dynamic linked boost test
configure:26151: g++ -o conftest -g -O2 -Wall -Wextra -Wformat -Wformat-security -Wno-unused-parameter -Wno-self-assign  -Wstack-protector -fstack-protector-all -fPIE -fvisibility=hidden  -DBOOST_SPIRIT_THREADSAFE -DHAVE_BUILD_INFO -D__STDC_FORMAT_MACROS  -U_FORTIFY_SOURCE -D_FORTIFY_SOURCE=2 -pthread -I/usr/include   -Wl,-z,relro -Wl,-z,now -pie conftest.cpp -lanl  -L/usr/lib/x86_64-linux-gnu -lboost_unit_test_framework >&5
configure:26151: $? = 0
configure:26152: result: yes
configure:26196: g++ -o conftest -g -O2 -Wall -Wextra -Wformat -Wformat-security -Wno-unused-parameter -Wno-self-assign  -Wstack-protector -fstack-protector-all -fPIE -fvisibility=hidden  -DBOOST_SPIRIT_THREADSAFE -DHAVE_BUILD_INFO -D__STDC_FORMAT_MACROS  -U_FORTIFY_SOURCE -D_FORTIFY_SOURCE=2 -pthread -I/usr/include   -Wl,-z,relro -Wl,-z,now -pie conftest.cpp -L/usr/lib/x86_64-linux-gnu -lboost_system -lboost_filesystem -lboost_program_options -lboost_thread -lboost_chrono -lanl  >&5
configure:26196: $? = 0
configure:26265: checking for SSL
configure:26272: $PKG_CONFIG --exists --print-errors "libssl"
configure:26275: $? = 0
configure:26289: $PKG_CONFIG --exists --print-errors "libssl"
configure:26292: $? = 0
configure:26330: result: yes
configure:26336: checking for CRYPTO
configure:26343: $PKG_CONFIG --exists --print-errors "libcrypto"
configure:26346: $? = 0
configure:26360: $PKG_CONFIG --exists --print-errors "libcrypto"
configure:26363: $? = 0
configure:26401: result: yes
configure:26410: checking for PROTOBUF
configure:26417: $PKG_CONFIG --exists --print-errors "protobuf"
configure:26420: $? = 0
configure:26434: $PKG_CONFIG --exists --print-errors "protobuf"
configure:26437: $? = 0
configure:26495: result: yes
configure:26510: checking for QR
configure:26517: $PKG_CONFIG --exists --print-errors "libqrencode"
Package libqrencode was not found in the pkg-config search path.
Perhaps you should add the directory containing `libqrencode.pc'
to the PKG_CONFIG_PATH environment variable
No package 'libqrencode' found
configure:26520: $? = 1
configure:26534: $PKG_CONFIG --exists --print-errors "libqrencode"
Package libqrencode was not found in the pkg-config search path.
Perhaps you should add the directory containing `libqrencode.pc'
to the PKG_CONFIG_PATH environment variable
No package 'libqrencode' found
configure:26537: $? = 1
configure:26551: result: no
No package 'libqrencode' found
configure:26798: checking for RAND_egd in -lcrypto
configure:26823: g++ -o conftest -g -O2 -Wall -Wextra -Wformat -Wformat-security -Wno-unused-parameter -Wno-self-assign  -Wstack-protector -fstack-protector-all -fPIE -fvisibility=hidden  -DBOOST_SPIRIT_THREADSAFE -DHAVE_BUILD_INFO -D__STDC_FORMAT_MACROS  -U_FORTIFY_SOURCE -D_FORTIFY_SOURCE=2   -Wl,-z,relro -Wl,-z,now -pie conftest.cpp -lcrypto  -lanl  >&5
configure:26823: $? = 0
configure:26832: result: yes
configure:26861: checking openssl/ec.h usability
configure:26861: g++ -c -g -O2 -Wall -Wextra -Wformat -Wformat-security -Wno-unused-parameter -Wno-self-assign  -Wstack-protector -fstack-protector-all -fPIE -fvisibility=hidden  -DBOOST_SPIRIT_THREADSAFE -DHAVE_BUILD_INFO -D__STDC_FORMAT_MACROS  -U_FORTIFY_SOURCE -D_FORTIFY_SOURCE=2 conftest.cpp >&5
configure:26861: $? = 0
configure:26861: result: yes
configure:26861: checking openssl/ec.h presence
configure:26861: g++ -E  -DBOOST_SPIRIT_THREADSAFE -DHAVE_BUILD_INFO -D__STDC_FORMAT_MACROS  -U_FORTIFY_SOURCE -D_FORTIFY_SOURCE=2 conftest.cpp
configure:26861: $? = 0
configure:26861: result: yes
configure:26861: checking for openssl/ec.h
configure:26861: result: yes
configure:26870: checking for a supported OpenSSL version
configure:26885: g++ -o conftest -g -O2 -Wall -Wextra -Wformat -Wformat-security -Wno-unused-parameter -Wno-self-assign  -Wstack-protector -fstack-protector-all -fPIE -fvisibility=hidden  -DBOOST_SPIRIT_THREADSAFE -DHAVE_BUILD_INFO -D__STDC_FORMAT_MACROS  -U_FORTIFY_SOURCE -D_FORTIFY_SOURCE=2   -Wl,-z,relro -Wl,-z,now -pie conftest.cpp -lcrypto -lanl  -lssl -lcrypto >&5
configure:26885: $? = 0
configure:26886: result: yes
configure:26964: checking for protoc
configure:26982: found /usr/bin/protoc
configure:26994: result: /usr/bin/protoc
configure:27027: checking whether to build oaccoind
configure:27037: result: yes
configure:27040: checking whether to build utils (oaccoin-cli oaccoin-tx)
configure:27050: result: yes
configure:27053: checking whether to build libraries
configure:27068: result: yes
configure:27079: checking if ccache should be used
configure:27092: result: no
configure:27133: checking if wallet should be enabled
configure:27136: result: yes
configure:27149: checking whether to build with support for UPnP
configure:27159: result: yes
configure:27161: checking whether to build with UPnP enabled by default
configure:27169: result: no
configure:27187: checking whether to build GUI with support for D-Bus
configure:27194: result: yes
configure:27197: checking whether to build GUI with support for QR codes
configure:27203: result: no
configure:27224: checking whether to build test_oaccoin-qt
configure:27227: result: yes
configure:27236: checking whether to build test_oaccoin
configure:27239: result: yes
configure:27247: checking whether to reduce exports
configure:27250: result: yes
configure:27551: checking that generated files are newer than configure
configure:27557: result: done
configure:27661: creating ./config.status

## ---------------------- ##
## Running config.status. ##
## ---------------------- ##

This file was extended by oaccoin Core config.status 0.10.4, which was
generated by GNU Autoconf 2.69.  Invocation command line was

  CONFIG_FILES    = 
  CONFIG_HEADERS  = 
  CONFIG_LINKS    = 
  CONFIG_COMMANDS = 
  $ ./config.status 

on tsinghuayincheng-virtual-machine

config.status:1335: creating Makefile
config.status:1335: creating src/Makefile
config.status:1335: creating share/setup.nsi
config.status:1335: creating share/qt/Info.plist
config.status:1335: creating src/test/buildenv.py
config.status:1335: creating qa/pull-tester/run-oaccoind-for-test.sh
config.status:1335: creating qa/pull-tester/tests-config.sh
config.status:1335: creating src/config/oaccoin-config.h
config.status:1516: src/config/oaccoin-config.h is unchanged
config.status:1564: executing depfiles commands
config.status:1564: executing libtool commands
configure:30143: === configuring in src/secp256k1 (/home/tsinghua-yincheng/桌面/oaccoin/src/secp256k1)
configure:30206: running /bin/bash ./configure --disable-option-checking '--prefix=/usr/local'  '--with-incompatible-bdb' '--with-gui=qt4' '--disable-shared' '--with-pic' --cache-file=/dev/null --srcdir=.
configure:30225: result: Fixing libtool for -rpath problems.

## ---------------- ##
## Cache variables. ##
## ---------------- ##

ac_cv_build=x86_64-pc-linux-gnu
ac_cv_c_bigendian=no
ac_cv_c_compiler_gnu=yes
ac_cv_cxx_compiler_gnu=yes
ac_cv_env_CCC_set=
ac_cv_env_CCC_value=
ac_cv_env_CC_set=
ac_cv_env_CC_value=
ac_cv_env_CFLAGS_set=
ac_cv_env_CFLAGS_value=
ac_cv_env_CPPFLAGS_set=
ac_cv_env_CPPFLAGS_value=
ac_cv_env_CPP_set=
ac_cv_env_CPP_value=
ac_cv_env_CRYPTO_CFLAGS_set=
ac_cv_env_CRYPTO_CFLAGS_value=
ac_cv_env_CRYPTO_LIBS_set=
ac_cv_env_CRYPTO_LIBS_value=
ac_cv_env_CXXCPP_set=
ac_cv_env_CXXCPP_value=
ac_cv_env_CXXFLAGS_set=
ac_cv_env_CXXFLAGS_value=
ac_cv_env_CXX_set=
ac_cv_env_CXX_value=
ac_cv_env_LDFLAGS_set=
ac_cv_env_LDFLAGS_value=
ac_cv_env_LIBS_set=
ac_cv_env_LIBS_value=
ac_cv_env_LT_SYS_LIBRARY_PATH_set=
ac_cv_env_LT_SYS_LIBRARY_PATH_value=
ac_cv_env_OBJCXXFLAGS_set=
ac_cv_env_OBJCXXFLAGS_value=
ac_cv_env_OBJCXX_set=
ac_cv_env_OBJCXX_value=
ac_cv_env_PKG_CONFIG_LIBDIR_set=
ac_cv_env_PKG_CONFIG_LIBDIR_value=
ac_cv_env_PKG_CONFIG_PATH_set=
ac_cv_env_PKG_CONFIG_PATH_value=
ac_cv_env_PKG_CONFIG_set=
ac_cv_env_PKG_CONFIG_value=
ac_cv_env_PROTOBUF_CFLAGS_set=
ac_cv_env_PROTOBUF_CFLAGS_value=
ac_cv_env_PROTOBUF_LIBS_set=
ac_cv_env_PROTOBUF_LIBS_value=
ac_cv_env_QR_CFLAGS_set=
ac_cv_env_QR_CFLAGS_value=
ac_cv_env_QR_LIBS_set=
ac_cv_env_QR_LIBS_value=
ac_cv_env_QTPLATFORM_CFLAGS_set=
ac_cv_env_QTPLATFORM_CFLAGS_value=
ac_cv_env_QTPLATFORM_LIBS_set=
ac_cv_env_QTPLATFORM_LIBS_value=
ac_cv_env_QTPRINT_CFLAGS_set=
ac_cv_env_QTPRINT_CFLAGS_value=
ac_cv_env_QTPRINT_LIBS_set=
ac_cv_env_QTPRINT_LIBS_value=
ac_cv_env_QT_CFLAGS_set=
ac_cv_env_QT_CFLAGS_value=
ac_cv_env_QT_DBUS_CFLAGS_set=
ac_cv_env_QT_DBUS_CFLAGS_value=
ac_cv_env_QT_DBUS_LIBS_set=
ac_cv_env_QT_DBUS_LIBS_value=
ac_cv_env_QT_LIBS_set=
ac_cv_env_QT_LIBS_value=
ac_cv_env_QT_TEST_CFLAGS_set=
ac_cv_env_QT_TEST_CFLAGS_value=
ac_cv_env_QT_TEST_LIBS_set=
ac_cv_env_QT_TEST_LIBS_value=
ac_cv_env_SSL_CFLAGS_set=
ac_cv_env_SSL_CFLAGS_value=
ac_cv_env_SSL_LIBS_set=
ac_cv_env_SSL_LIBS_value=
ac_cv_env_X11XCB_CFLAGS_set=
ac_cv_env_X11XCB_CFLAGS_value=
ac_cv_env_X11XCB_LIBS_set=
ac_cv_env_X11XCB_LIBS_value=
ac_cv_env_build_alias_set=
ac_cv_env_build_alias_value=
ac_cv_env_host_alias_set=
ac_cv_env_host_alias_value=
ac_cv_env_target_alias_set=
ac_cv_env_target_alias_value=
ac_cv_func_strerror_r=yes
ac_cv_func_strerror_r_char_p=yes
ac_cv_have_decl_be32toh=yes
ac_cv_have_decl_be64toh=yes
ac_cv_have_decl_htobe32=yes
ac_cv_have_decl_htobe64=yes
ac_cv_have_decl_htole32=yes
ac_cv_have_decl_htole64=yes
ac_cv_have_decl_le32toh=yes
ac_cv_have_decl_le64toh=yes
ac_cv_have_decl_strerror_r=yes
ac_cv_have_decl_strnlen=yes
ac_cv_header_dlfcn_h=yes
ac_cv_header_endian_h=yes
ac_cv_header_inttypes_h=yes
ac_cv_header_memory_h=yes
ac_cv_header_miniupnpc_miniupnpc_h=yes
ac_cv_header_miniupnpc_miniwget_h=yes
ac_cv_header_miniupnpc_upnpcommands_h=yes
ac_cv_header_miniupnpc_upnperrors_h=yes
ac_cv_header_openssl_ec_h=yes
ac_cv_header_stdc=yes
ac_cv_header_stdint_h=yes
ac_cv_header_stdio_h=yes
ac_cv_header_stdlib_h=yes
ac_cv_header_string_h=yes
ac_cv_header_strings_h=yes
ac_cv_header_sys_prctl_h=yes
ac_cv_header_sys_select_h=yes
ac_cv_header_sys_stat_h=yes
ac_cv_header_sys_types_h=yes
ac_cv_header_unistd_h=yes
ac_cv_host=x86_64-pc-linux-gnu
ac_cv_lib_boost_chrono___exit=yes
ac_cv_lib_boost_filesystem___exit=yes
ac_cv_lib_boost_program_options___exit=yes
ac_cv_lib_boost_system___exit=yes
ac_cv_lib_boost_thread___exit=yes
ac_cv_lib_crypto_RAND_egd=yes
ac_cv_lib_db_cxx_4_8___main=no
ac_cv_lib_db_cxx___main=yes
ac_cv_lib_miniupnpc_main=yes
ac_cv_objcxx_compiler_gnu=no
ac_cv_objext=o
ac_cv_path_EGREP='/bin/grep -E'
ac_cv_path_FGREP='/bin/grep -F'
ac_cv_path_GIT=/usr/bin/git
ac_cv_path_GREP=/bin/grep
ac_cv_path_HEXDUMP=/usr/bin/hexdump
ac_cv_path_JAVA=/usr/bin/java
ac_cv_path_LRELEASE=/usr/bin/lrelease-qt4
ac_cv_path_LUPDATE=/usr/bin/lupdate-qt4
ac_cv_path_MOC=/usr/bin/moc-qt4
ac_cv_path_PROTOC=/usr/bin/protoc
ac_cv_path_RCC=/usr/bin/rcc
ac_cv_path_SED=/bin/sed
ac_cv_path_UIC=/usr/bin/uic-qt4
ac_cv_path_XGETTEXT=/usr/bin/xgettext
ac_cv_path_ac_pt_AR=/usr/bin/ar
ac_cv_path_ac_pt_GCOV=/usr/bin/gcov
ac_cv_path_ac_pt_PKG_CONFIG=/usr/bin/pkg-config
ac_cv_path_ac_pt_RANLIB=/usr/bin/ranlib
ac_cv_path_ac_pt_STRIP=/usr/bin/strip
ac_cv_path_install='/usr/bin/install -c'
ac_cv_path_lt_DD=/bin/dd
ac_cv_path_mkdir=/bin/mkdir
ac_cv_prog_AWK=mawk
ac_cv_prog_CPP='gcc -E'
ac_cv_prog_CXXCPP='g++ -E'
ac_cv_prog_ac_ct_AR=ar
ac_cv_prog_ac_ct_CC=gcc
ac_cv_prog_ac_ct_CXX=g++
ac_cv_prog_ac_ct_MANIFEST_TOOL=mt
ac_cv_prog_ac_ct_OBJCXX=g++
ac_cv_prog_ac_ct_OBJDUMP=objdump
ac_cv_prog_ac_ct_RANLIB=ranlib
ac_cv_prog_ac_ct_STRIP=strip
ac_cv_prog_cc_c89=
ac_cv_prog_cc_g=yes
ac_cv_prog_cxx_g=yes
ac_cv_prog_make_make_set=yes
ac_cv_prog_objcxx_g=no
ac_cv_search_clock_gettime='none required'
ac_cv_search_getaddrinfo_a=-lanl
ac_cv_search_inet_pton='none required'
ac_cv_sys_file_offset_bits=no
ac_cv_sys_largefile_CC=no
am_cv_CC_dependencies_compiler_type=gcc3
am_cv_CXX_dependencies_compiler_type=gcc3
am_cv_OBJCXX_dependencies_compiler_type=gcc3
am_cv_make_support_nested_variables=yes
am_cv_prog_cc_c_o=yes
ax_cv_PTHREAD_PRIO_INHERIT=yes
ax_cv_boost_chrono=yes
ax_cv_boost_filesystem=yes
ax_cv_boost_program_options=yes
ax_cv_boost_system=yes
ax_cv_boost_thread=yes
ax_cv_boost_unit_test_framework=yes
ax_cv_check_cxxcppflags___D_FORTIFY_SOURCE_2=yes
ax_cv_check_cxxcppflags___U_FORTIFY_SOURCE=yes
ax_cv_check_cxxflags___Wstack_protector=yes
ax_cv_check_cxxflags___fPIE=yes
ax_cv_check_cxxflags___fstack_protector_all=yes
ax_cv_check_cxxflags___fvisibility_hidden=yes
ax_cv_check_ldflags___Wl___dynamicbase=no
ax_cv_check_ldflags___Wl___exclude_libs_ALL=yes
ax_cv_check_ldflags___Wl___large_address_aware=no
ax_cv_check_ldflags___Wl___nxcompat=no
ax_cv_check_ldflags___Wl__z_now=yes
ax_cv_check_ldflags___Wl__z_relro=yes
ax_cv_check_ldflags___pie=yes
ax_cv_have_func_attribute_dllexport=no
ax_cv_have_func_attribute_dllimport=no
ax_cv_have_func_attribute_visibility=yes
lt_cv_ar_at_file=@
lt_cv_archive_cmds_need_lc=no
lt_cv_deplibs_check_method=pass_all
lt_cv_file_magic_cmd='$MAGIC_CMD'
lt_cv_file_magic_test_file=
lt_cv_ld_reload_flag=-r
lt_cv_nm_interface='BSD nm'
lt_cv_objdir=.libs
lt_cv_path_LD=/usr/bin/ld
lt_cv_path_LDCXX='/usr/bin/ld -m elf_x86_64'
lt_cv_path_NM='/usr/bin/nm -B'
lt_cv_path_mainfest_tool=no
lt_cv_prog_compiler_c_o=yes
lt_cv_prog_compiler_c_o_CXX=yes
lt_cv_prog_compiler_pic='-fPIC -DPIC'
lt_cv_prog_compiler_pic_CXX='-fPIC -DPIC'
lt_cv_prog_compiler_pic_works=yes
lt_cv_prog_compiler_pic_works_CXX=yes
lt_cv_prog_compiler_rtti_exceptions=no
lt_cv_prog_compiler_static_works=yes
lt_cv_prog_compiler_static_works_CXX=yes
lt_cv_prog_gnu_ld=yes
lt_cv_prog_gnu_ldcxx=yes
lt_cv_sharedlib_from_linklib_cmd='printf %s\n'
lt_cv_shlibpath_overrides_runpath=no
lt_cv_sys_global_symbol_pipe='sed -n -e '\''s/^.*[	 ]\([ABCDGIRSTW][ABCDGIRSTW]*\)[	 ][	 ]*\([_A-Za-z][_A-Za-z0-9]*\)$/\1 \2 \2/p'\'' | sed '\''/ __gnu_lto/d'\'''
lt_cv_sys_global_symbol_to_c_name_address='sed -n -e '\''s/^: \(.*\) .*$/  {"\1", (void *) 0},/p'\'' -e '\''s/^[ABCDGIRSTW][ABCDGIRSTW]* .* \(.*\)$/  {"\1", (void *) \&\1},/p'\'''
lt_cv_sys_global_symbol_to_c_name_address_lib_prefix='sed -n -e '\''s/^: \(.*\) .*$/  {"\1", (void *) 0},/p'\'' -e '\''s/^[ABCDGIRSTW][ABCDGIRSTW]* .* \(lib.*\)$/  {"\1", (void *) \&\1},/p'\'' -e '\''s/^[ABCDGIRSTW][ABCDGIRSTW]* .* \(.*\)$/  {"lib\1", (void *) \&\1},/p'\'''
lt_cv_sys_global_symbol_to_cdecl='sed -n -e '\''s/^T .* \(.*\)$/extern int \1();/p'\'' -e '\''s/^[ABCDGIRSTW][ABCDGIRSTW]* .* \(.*\)$/extern char \1;/p'\'''
lt_cv_sys_global_symbol_to_import=
lt_cv_sys_max_cmd_len=1572864
lt_cv_to_host_file_cmd=func_convert_file_noop
lt_cv_to_tool_file_cmd=func_convert_file_noop
lt_cv_truncate_bin='/bin/dd bs=4096 count=1'
pkg_cv_CRYPTO_CFLAGS=
pkg_cv_CRYPTO_LIBS=-lcrypto
pkg_cv_PROTOBUF_CFLAGS=-pthread
pkg_cv_PROTOBUF_LIBS='-lprotobuf -pthread -lpthread'
pkg_cv_QT_CFLAGS='-DQT_SHARED -I/usr/include/qt4 -I/usr/include/qt4/QtGui -I/usr/include/qt4 -I/usr/include/qt4/QtNetwork -I/usr/include/qt4 -I/usr/include/qt4/QtCore'
pkg_cv_QT_DBUS_CFLAGS='-DQT_SHARED -I/usr/include/qt4 -I/usr/include/qt4/QtDBus -I/usr/include/qt4 -I/usr/include/qt4/QtXml -I/usr/include/qt4 -I/usr/include/qt4/QtCore'
pkg_cv_QT_DBUS_LIBS='-lQtDBus -lQtXml -lQtCore'
pkg_cv_QT_LIBS='-lQtGui -lQtNetwork -lQtCore'
pkg_cv_QT_TEST_CFLAGS='-DQT_SHARED -I/usr/include/qt4 -I/usr/include/qt4/QtTest'
pkg_cv_QT_TEST_LIBS=-lQtTest
pkg_cv_SSL_CFLAGS=
pkg_cv_SSL_LIBS=-lssl

## ----------------- ##
## Output variables. ##
## ----------------- ##

ACLOCAL='${SHELL} /home/tsinghua-yincheng/桌面/oaccoin/build-aux/missing aclocal-1.15'
AMDEPBACKSLASH='\'
AMDEP_FALSE='#'
AMDEP_TRUE=''
AMTAR='$${TAR-tar}'
AM_BACKSLASH='\'
AM_DEFAULT_V='$(AM_DEFAULT_VERBOSITY)'
AM_DEFAULT_VERBOSITY='0'
AM_V='$(V)'
AR='/usr/bin/ar'
AUTOCONF='${SHELL} /home/tsinghua-yincheng/桌面/oaccoin/build-aux/missing autoconf'
AUTOHEADER='${SHELL} /home/tsinghua-yincheng/桌面/oaccoin/build-aux/missing autoheader'
AUTOMAKE='${SHELL} /home/tsinghua-yincheng/桌面/oaccoin/build-aux/missing automake-1.15'
AWK='mawk'
BDB_CPPFLAGS=''
BDB_LIBS='-ldb_cxx'
BOOST_CHRONO_LIB='-lboost_chrono'
BOOST_CPPFLAGS='-pthread -I/usr/include'
BOOST_FILESYSTEM_LIB='-lboost_filesystem'
BOOST_LDFLAGS='-L/usr/lib/x86_64-linux-gnu'
BOOST_LIBS='-L/usr/lib/x86_64-linux-gnu -lboost_system -lboost_filesystem -lboost_program_options -lboost_thread -lboost_chrono'
BOOST_PROGRAM_OPTIONS_LIB='-lboost_program_options'
BOOST_SYSTEM_LIB='-lboost_system'
BOOST_THREAD_LIB='-lboost_thread'
BOOST_UNIT_TEST_FRAMEWORK_LIB='-lboost_unit_test_framework'
BREW=''
BUILD_DARWIN_FALSE=''
BUILD_DARWIN_TRUE='#'
BUILD_OACCOIND_FALSE='#'
BUILD_OACCOIND_TRUE=''
BUILD_OACCOIN_LIBS_FALSE='#'
BUILD_OACCOIN_LIBS_TRUE=''
BUILD_OACCOIN_UTILS_FALSE='#'
BUILD_OACCOIN_UTILS_TRUE=''
BUILD_QT='qt'
BUILD_TEST='test'
BUILD_TEST_QT='test'
CC='gcc'
CCACHE=''
CCDEPMODE='depmode=gcc3'
CFLAGS='-g -O2'
CLIENT_VERSION_BUILD='0'
CLIENT_VERSION_IS_RELEASE='true'
CLIENT_VERSION_MAJOR='0'
CLIENT_VERSION_MINOR='10'
CLIENT_VERSION_REVISION='4'
COMPARISON_TOOL_REORG_TESTS='0'
COPYRIGHT_YEAR='2015'
CPP='gcc -E'
CPPFLAGS=' -DBOOST_SPIRIT_THREADSAFE -DHAVE_BUILD_INFO -D__STDC_FORMAT_MACROS  -U_FORTIFY_SOURCE -D_FORTIFY_SOURCE=2'
CRYPTO_CFLAGS=''
CRYPTO_LIBS='-lcrypto'
CXX='g++'
CXXCPP='g++ -E'
CXXDEPMODE='depmode=gcc3'
CXXFLAGS='-g -O2 -Wall -Wextra -Wformat -Wformat-security -Wno-unused-parameter -Wno-self-assign  -Wstack-protector -fstack-protector-all -fPIE -fvisibility=hidden'
CYGPATH_W='echo'
DEFS='-DHAVE_CONFIG_H'
DEPDIR='.deps'
DLLTOOL='false'
DSYMUTIL=''
DUMPBIN=''
ECHO_C=''
ECHO_N='-n'
ECHO_T=''
EGREP='/bin/grep -E'
EMBEDDED_LEVELDB_FALSE='#'
EMBEDDED_LEVELDB_TRUE=''
ENABLE_QT_FALSE='#'
ENABLE_QT_TESTS_FALSE='#'
ENABLE_QT_TESTS_TRUE=''
ENABLE_QT_TRUE=''
ENABLE_TESTS_FALSE='#'
ENABLE_TESTS_TRUE=''
ENABLE_WALLET_FALSE='#'
ENABLE_WALLET_TRUE=''
EXEEXT=''
FGREP='/bin/grep -F'
GCOV='/usr/bin/gcov'
GENHTML=''
GENISOIMAGE=''
GIT='/usr/bin/git'
GLIBC_BACK_COMPAT_FALSE=''
GLIBC_BACK_COMPAT_TRUE='#'
GREP='/bin/grep'
HEXDUMP='/usr/bin/hexdump'
INSTALLNAMETOOL=''
INSTALL_DATA='${INSTALL} -m 644'
INSTALL_PROGRAM='${INSTALL}'
INSTALL_SCRIPT='${INSTALL}'
INSTALL_STRIP_PROGRAM='$(install_sh) -c -s'
JAVA='/usr/bin/java'
JAVA_COMPARISON_TOOL=''
LCOV=''
LD='/usr/bin/ld -m elf_x86_64'
LDFLAGS='  -Wl,-z,relro -Wl,-z,now -pie'
LEVELDB_CPPFLAGS=''
LEVELDB_TARGET_FLAGS=''
LIBLEVELDB=''
LIBMEMENV=''
LIBOBJS=''
LIBS='-lcrypto -lanl '
LIBTOOL='$(SHELL) $(top_builddir)/libtool'
LIBTOOL_APP_LDFLAGS=''
LIPO=''
LN_S='ln -s'
LRELEASE='/usr/bin/lrelease-qt4'
LTLIBOBJS=''
LT_SYS_LIBRARY_PATH=''
LUPDATE='/usr/bin/lupdate-qt4'
MAINT=''
MAINTAINER_MODE_FALSE='#'
MAINTAINER_MODE_TRUE=''
MAKEINFO='${SHELL} /home/tsinghua-yincheng/桌面/oaccoin/build-aux/missing makeinfo'
MAKENSIS=''
MANIFEST_TOOL=':'
MINIUPNPC_CPPFLAGS=''
MINIUPNPC_LIBS='-lminiupnpc'
MKDIR_P='/bin/mkdir -p'
MOC='/usr/bin/moc-qt4'
MOC_DEFS='-DHAVE_CONFIG_H -I$(srcdir)'
NM='/usr/bin/nm -B'
NMEDIT=''
OBJCXX='g++'
OBJCXXDEPMODE='depmode=gcc3'
OBJCXXFLAGS='-g -O2 -Wall -Wextra -Wformat -Wformat-security -Wno-unused-parameter -Wno-self-assign  -Wstack-protector -fstack-protector-all -fPIE'
OBJDUMP='objdump'
OBJEXT='o'
OTOOL64=''
OTOOL=''
PACKAGE='oaccoin'
PACKAGE_BUGREPORT='info@oaccoin.org'
PACKAGE_NAME='oaccoin Core'
PACKAGE_STRING='oaccoin Core 0.10.4'
PACKAGE_TARNAME='oaccoin'
PACKAGE_URL=''
PACKAGE_VERSION='0.10.4'
PATH_SEPARATOR=':'
PKG_CONFIG='/usr/bin/pkg-config'
PKG_CONFIG_LIBDIR=''
PKG_CONFIG_PATH=''
PORT=''
PROTOBUF_CFLAGS='-pthread'
PROTOBUF_LIBS='-lprotobuf -pthread -lpthread'
PROTOC='/usr/bin/protoc'
PTHREAD_CC='gcc'
PTHREAD_CFLAGS='-pthread'
PTHREAD_LIBS=''
QR_CFLAGS=''
QR_LIBS=''
QTPLATFORM_CFLAGS=''
QTPLATFORM_LIBS=''
QTPRINT_CFLAGS=''
QTPRINT_LIBS=''
QT_CFLAGS='-DQT_SHARED -I/usr/include/qt4 -I/usr/include/qt4/QtGui -I/usr/include/qt4 -I/usr/include/qt4/QtNetwork -I/usr/include/qt4 -I/usr/include/qt4/QtCore'
QT_DBUS_CFLAGS='-DQT_SHARED -I/usr/include/qt4 -I/usr/include/qt4/QtDBus -I/usr/include/qt4 -I/usr/include/qt4/QtXml -I/usr/include/qt4 -I/usr/include/qt4/QtCore'
QT_DBUS_INCLUDES='-DQT_SHARED -I/usr/include/qt4 -I/usr/include/qt4/QtDBus -I/usr/include/qt4 -I/usr/include/qt4/QtXml -I/usr/include/qt4 -I/usr/include/qt4/QtCore'
QT_DBUS_LIBS='-lQtDBus -lQtXml -lQtCore'
QT_INCLUDES='-DQT_SHARED -I/usr/include/qt4 -I/usr/include/qt4/QtGui -I/usr/include/qt4 -I/usr/include/qt4/QtNetwork -I/usr/include/qt4 -I/usr/include/qt4/QtCore'
QT_LDFLAGS=''
QT_LIBS='-lQtGui -lQtNetwork -lQtCore'
QT_SELECT='qt4'
QT_TEST_CFLAGS='-DQT_SHARED -I/usr/include/qt4 -I/usr/include/qt4/QtTest'
QT_TEST_INCLUDES='-DQT_SHARED -I/usr/include/qt4 -I/usr/include/qt4/QtTest'
QT_TEST_LIBS='-lQtTest'
QT_TRANSLATION_DIR=''
RANLIB='/usr/bin/ranlib'
RCC='/usr/bin/rcc'
RELDFLAGS='-Wl,--exclude-libs,ALL'
SED='/bin/sed'
SET_MAKE=''
SHELL='/bin/bash'
SSL_CFLAGS=''
SSL_LIBS='-lssl'
STRIP='/usr/bin/strip'
TARGET_DARWIN_FALSE=''
TARGET_DARWIN_TRUE='#'
TARGET_WINDOWS_FALSE=''
TARGET_WINDOWS_TRUE='#'
TESTDEFS=' -DBOOST_TEST_DYN_LINK'
UIC='/usr/bin/uic-qt4'
USE_COMPARISON_TOOL_FALSE=''
USE_COMPARISON_TOOL_REORG_TESTS_FALSE='#'
USE_COMPARISON_TOOL_REORG_TESTS_TRUE=''
USE_COMPARISON_TOOL_TRUE='#'
USE_LCOV_FALSE=''
USE_LCOV_TRUE='#'
USE_LIBSECP256K1_FALSE=''
USE_LIBSECP256K1_TRUE='#'
USE_QRCODE=''
USE_QRCODE_FALSE=''
USE_QRCODE_TRUE='#'
USE_UPNP=''
VERSION='0.10.4'
WINDOWS_BITS=''
WINDRES=''
X11XCB_CFLAGS=''
X11XCB_LIBS=''
XGETTEXT='/usr/bin/xgettext'
ac_ct_AR='ar'
ac_ct_CC='gcc'
ac_ct_CXX='g++'
ac_ct_DUMPBIN=''
ac_ct_OBJCXX='g++'
am__EXEEXT_FALSE=''
am__EXEEXT_TRUE='#'
am__fastdepCC_FALSE='#'
am__fastdepCC_TRUE=''
am__fastdepCXX_FALSE='#'
am__fastdepCXX_TRUE=''
am__fastdepOBJCXX_FALSE='#'
am__fastdepOBJCXX_TRUE=''
am__include='include'
am__isrc=''
am__leading_dot='.'
am__nodep='_no'
am__quote=''
am__tar='$${TAR-tar} chof - "$$tardir"'
am__untar='$${TAR-tar} xf -'
ax_pthread_config=''
bindir='${exec_prefix}/bin'
build='x86_64-pc-linux-gnu'
build_alias=''
build_cpu='x86_64'
build_os='linux-gnu'
build_vendor='pc'
datadir='${datarootdir}'
datarootdir='${prefix}/share'
docdir='${datarootdir}/doc/${PACKAGE_TARNAME}'
dvidir='${docdir}'
exec_prefix='${prefix}'
host='x86_64-pc-linux-gnu'
host_alias=''
host_cpu='x86_64'
host_os='linux-gnu'
host_vendor='pc'
htmldir='${docdir}'
includedir='${prefix}/include'
infodir='${datarootdir}/info'
install_sh='${SHELL} /home/tsinghua-yincheng/桌面/oaccoin/build-aux/install-sh'
libdir='${exec_prefix}/lib'
libexecdir='${exec_prefix}/libexec'
localedir='${datarootdir}/locale'
localstatedir='${prefix}/var'
mandir='${datarootdir}/man'
mkdir_p='$(MKDIR_P)'
oldincludedir='/usr/include'
pdfdir='${docdir}'
prefix='/usr/local'
program_transform_name='s,x,x,'
psdir='${docdir}'
runstatedir='${localstatedir}/run'
sbindir='${exec_prefix}/sbin'
sharedstatedir='${prefix}/com'
subdirs=' src/secp256k1'
sysconfdir='${prefix}/etc'
target_alias=''

## ----------- ##
## confdefs.h. ##
## ----------- ##

/* confdefs.h */
#define PACKAGE_NAME "oaccoin Core"
#define PACKAGE_TARNAME "oaccoin"
#define PACKAGE_VERSION "0.10.4"
#define PACKAGE_STRING "oaccoin Core 0.10.4"
#define PACKAGE_BUGREPORT "info@oaccoin.org"
#define PACKAGE_URL ""
#define STDC_HEADERS 1
#define HAVE_SYS_TYPES_H 1
#define HAVE_SYS_STAT_H 1
#define HAVE_STDLIB_H 1
#define HAVE_STRING_H 1
#define HAVE_MEMORY_H 1
#define HAVE_STRINGS_H 1
#define HAVE_INTTYPES_H 1
#define HAVE_STDINT_H 1
#define HAVE_UNISTD_H 1
#define HAVE_DLFCN_H 1
#define LT_OBJDIR ".libs/"
#define HAVE_PTHREAD_PRIO_INHERIT 1
#define HAVE_PTHREAD 1
#define HAVE_DECL_STRERROR_R 1
#define HAVE_STRERROR_R 1
#define STRERROR_R_CHAR_P 1
#define HAVE_FUNC_ATTRIBUTE_VISIBILITY 1
#define HAVE_ENDIAN_H 1
#define HAVE_STDIO_H 1
#define HAVE_STDLIB_H 1
#define HAVE_UNISTD_H 1
#define HAVE_STRINGS_H 1
#define HAVE_SYS_TYPES_H 1
#define HAVE_SYS_STAT_H 1
#define HAVE_SYS_SELECT_H 1
#define HAVE_SYS_PRCTL_H 1
#define HAVE_GETADDRINFO_A 1
#define HAVE_INET_PTON 1
#define HAVE_DECL_STRNLEN 1
#define HAVE_DECL_LE32TOH 1
#define HAVE_DECL_LE64TOH 1
#define HAVE_DECL_HTOLE32 1
#define HAVE_DECL_HTOLE64 1
#define HAVE_DECL_BE32TOH 1
#define HAVE_DECL_BE64TOH 1
#define HAVE_DECL_HTOBE32 1
#define HAVE_DECL_HTOBE64 1
#define HAVE_MSG_NOSIGNAL 1
#define HAVE_VISIBILITY_ATTRIBUTE 1
#define HAVE_MINIUPNPC_MINIWGET_H 1
#define HAVE_MINIUPNPC_MINIUPNPC_H 1
#define HAVE_MINIUPNPC_UPNPCOMMANDS_H 1
#define HAVE_MINIUPNPC_UPNPERRORS_H 1
#define HAVE_BOOST /**/
#define HAVE_BOOST_SYSTEM /**/
#define HAVE_BOOST_FILESYSTEM /**/
#define HAVE_BOOST_PROGRAM_OPTIONS /**/
#define HAVE_BOOST_THREAD /**/
#define HAVE_BOOST_CHRONO /**/
#define HAVE_BOOST_UNIT_TEST_FRAMEWORK /**/
#define HAVE_WORKING_BOOST_SLEEP_FOR 1
#define HAVE_LIBCRYPTO 1
#define HAVE_CONSENSUS_LIB 1
#define ENABLE_WALLET 1
#define USE_UPNP 0
#define USE_DBUS 1
#define CLIENT_VERSION_MAJOR 0
#define CLIENT_VERSION_MINOR 10
#define CLIENT_VERSION_REVISION 4
#define CLIENT_VERSION_BUILD 0
#define CLIENT_VERSION_IS_RELEASE true
#define COPYRIGHT_YEAR 2015

configure: exit 0
